[2015-05-20 07:37:36] [info]  Commons Daemon procrun (1.0.7.0 32-bit) started
[2015-05-20 07:37:38] [info]  Running 'Tomcat7' Service...
[2015-05-20 07:37:38] [info]  Starting service...
[2015-05-20 07:37:47] [info]  Service started in 9671 ms.
[2015-05-20 18:35:27] [info]  Console LOGOFF event signaled
[2015-05-20 18:35:31] [info]  Console LOGOFF event signaled
[2015-05-20 18:35:40] [info]  Console SHUTDOWN event signaled
[2015-05-20 18:35:40] [info]  Stopping service...
[2015-05-20 18:35:43] [info]  Service stopped.
[2015-05-20 18:35:43] [info]  Run service finished.
[2015-05-20 18:35:43] [info]  Commons Daemon procrun finished
[2015-05-20 20:21:17] [info]  Commons Daemon procrun (1.0.7.0 32-bit) started
[2015-05-20 20:21:19] [info]  Running 'Tomcat7' Service...
[2015-05-20 20:21:20] [info]  Starting service...
[2015-05-20 20:21:33] [info]  Service started in 13625 ms.
[2015-05-20 21:14:14] [info]  Console LOGOFF event signaled
[2015-05-20 21:14:23] [info]  Console LOGOFF event signaled
[2015-05-20 21:14:25] [info]  Console SHUTDOWN event signaled
[2015-05-20 21:14:25] [info]  Stopping service...
[2015-05-20 21:14:27] [info]  Service stopped.
[2015-05-20 21:14:27] [info]  Run service finished.
[2015-05-20 21:14:27] [info]  Commons Daemon procrun finished
