[2015-08-25 07:33:42] [info]  Commons Daemon procrun (1.0.7.0 32-bit) started
[2015-08-25 07:33:44] [info]  Running 'Tomcat7' Service...
[2015-08-25 07:33:44] [info]  Starting service...
[2015-08-25 07:33:55] [info]  Service started in 11171 ms.
[2015-08-25 11:31:12] [info]  Console LOGOFF event signaled
[2015-08-25 11:31:18] [info]  Console LOGOFF event signaled
[2015-08-25 11:31:20] [info]  Console SHUTDOWN event signaled
[2015-08-25 11:31:20] [info]  Stopping service...
[2015-08-25 11:31:22] [info]  Service stopped.
[2015-08-25 11:31:22] [info]  Run service finished.
[2015-08-25 11:31:22] [info]  Commons Daemon procrun finished
[2015-08-25 11:32:58] [info]  Commons Daemon procrun (1.0.7.0 32-bit) started
[2015-08-25 11:32:59] [info]  Running 'Tomcat7' Service...
[2015-08-25 11:32:59] [info]  Starting service...
[2015-08-25 11:33:14] [info]  Service started in 14703 ms.
[2015-08-25 17:07:14] [info]  Console LOGOFF event signaled
[2015-08-25 17:07:19] [info]  Console LOGOFF event signaled
[2015-08-25 17:07:21] [info]  Console SHUTDOWN event signaled
[2015-08-25 17:07:21] [info]  Stopping service...
[2015-08-25 17:07:24] [info]  Service stopped.
[2015-08-25 17:07:24] [info]  Run service finished.
[2015-08-25 17:07:24] [info]  Commons Daemon procrun finished
