[2015-05-25 07:41:55] [info]  Commons Daemon procrun (1.0.7.0 32-bit) started
[2015-05-25 07:41:55] [info]  Running 'Tomcat7' Service...
[2015-05-25 07:41:58] [info]  Starting service...
[2015-05-25 07:42:11] [info]  Service started in 12093 ms.
[2015-05-25 17:07:38] [info]  Console LOGOFF event signaled
[2015-05-25 17:07:42] [info]  Console LOGOFF event signaled
[2015-05-25 17:07:52] [info]  Console SHUTDOWN event signaled
[2015-05-25 17:07:52] [info]  Stopping service...
[2015-05-25 17:07:55] [info]  Service stopped.
[2015-05-25 17:07:55] [info]  Run service finished.
[2015-05-25 17:07:55] [info]  Commons Daemon procrun finished
[2015-05-25 18:16:05] [info]  Commons Daemon procrun (1.0.7.0 32-bit) started
[2015-05-25 18:16:06] [info]  Running 'Tomcat7' Service...
[2015-05-25 18:16:07] [info]  Starting service...
[2015-05-25 18:16:21] [info]  Service started in 14000 ms.
[2015-05-25 18:37:17] [info]  Console LOGOFF event signaled
[2015-05-25 18:37:21] [info]  Console LOGOFF event signaled
[2015-05-25 18:37:23] [info]  Console SHUTDOWN event signaled
[2015-05-25 18:37:23] [info]  Stopping service...
[2015-05-25 18:37:25] [info]  Service stopped.
[2015-05-25 18:37:25] [info]  Run service finished.
[2015-05-25 18:37:25] [info]  Commons Daemon procrun finished
