[2015-04-10 07:44:05] [info]  Commons Daemon procrun (1.0.7.0 32-bit) started
[2015-04-10 07:44:05] [info]  Running 'Tomcat7' Service...
[2015-04-10 07:44:05] [info]  Starting service...
[2015-04-10 07:44:15] [info]  Service started in 10125 ms.
[2015-04-10 17:02:08] [info]  Console LOGOFF event signaled
[2015-04-10 17:02:12] [info]  Console LOGOFF event signaled
[2015-04-10 17:02:21] [info]  Console SHUTDOWN event signaled
[2015-04-10 17:02:21] [info]  Stopping service...
[2015-04-10 17:02:24] [info]  Service stopped.
[2015-04-10 17:02:24] [info]  Run service finished.
[2015-04-10 17:02:24] [info]  Commons Daemon procrun finished
[2015-04-10 19:05:33] [info]  Commons Daemon procrun (1.0.7.0 32-bit) started
[2015-04-10 19:05:34] [info]  Running 'Tomcat7' Service...
[2015-04-10 19:05:34] [info]  Starting service...
[2015-04-10 19:05:46] [info]  Service started in 11890 ms.
[2015-04-10 19:14:23] [info]  Console LOGOFF event signaled
[2015-04-10 19:14:28] [info]  Console LOGOFF event signaled
[2015-04-10 19:14:29] [info]  Console SHUTDOWN event signaled
[2015-04-10 19:14:29] [info]  Stopping service...
[2015-04-10 19:14:31] [info]  Service stopped.
[2015-04-10 19:14:31] [info]  Run service finished.
[2015-04-10 19:14:32] [info]  Commons Daemon procrun finished
