[2015-02-06 07:41:26] [info]  Commons Daemon procrun (1.0.7.0 32-bit) started
[2015-02-06 07:41:27] [info]  Running 'Tomcat7' Service...
[2015-02-06 07:41:30] [info]  Starting service...
[2015-02-06 07:41:39] [info]  Service started in 9015 ms.
[2015-02-06 17:13:44] [info]  Console LOGOFF event signaled
[2015-02-06 17:13:49] [info]  Console LOGOFF event signaled
[2015-02-06 17:13:57] [info]  Console SHUTDOWN event signaled
[2015-02-06 17:13:57] [info]  Stopping service...
[2015-02-06 17:13:59] [info]  Service stopped.
[2015-02-06 17:13:59] [info]  Run service finished.
[2015-02-06 17:13:59] [info]  Commons Daemon procrun finished
[2015-02-06 18:34:04] [info]  Commons Daemon procrun (1.0.7.0 32-bit) started
[2015-02-06 18:34:05] [info]  Running 'Tomcat7' Service...
[2015-02-06 18:34:05] [info]  Starting service...
[2015-02-06 18:34:17] [info]  Service started in 11156 ms.
[2015-02-06 18:54:19] [info]  Console LOGOFF event signaled
[2015-02-06 18:54:23] [info]  Console LOGOFF event signaled
[2015-02-06 18:54:25] [info]  Console SHUTDOWN event signaled
[2015-02-06 18:54:25] [info]  Stopping service...
[2015-02-06 18:54:27] [info]  Service stopped.
[2015-02-06 18:54:27] [info]  Run service finished.
[2015-02-06 18:54:27] [info]  Commons Daemon procrun finished
