[2015-01-04 11:50:14] [info]  Commons Daemon procrun (1.0.7.0 32-bit) started
[2015-01-04 11:50:15] [info]  Running 'Tomcat7' Service...
[2015-01-04 11:50:15] [info]  Starting service...
[2015-01-04 11:50:29] [info]  Service started in 13968 ms.
[2015-01-04 13:33:35] [info]  Console LOGOFF event signaled
[2015-01-04 13:33:40] [info]  Console LOGOFF event signaled
[2015-01-04 13:33:47] [info]  Console SHUTDOWN event signaled
[2015-01-04 13:33:47] [info]  Stopping service...
[2015-01-04 13:33:49] [info]  Service stopped.
[2015-01-04 13:33:49] [info]  Run service finished.
[2015-01-04 13:33:49] [info]  Commons Daemon procrun finished
[2015-01-04 15:56:32] [info]  Commons Daemon procrun (1.0.7.0 32-bit) started
[2015-01-04 15:56:32] [info]  Running 'Tomcat7' Service...
[2015-01-04 15:56:35] [info]  Starting service...
[2015-01-04 15:56:45] [info]  Service started in 9984 ms.
[2015-01-04 17:42:35] [info]  Console LOGOFF event signaled
[2015-01-04 17:42:39] [info]  Console LOGOFF event signaled
[2015-01-04 17:42:47] [info]  Console SHUTDOWN event signaled
[2015-01-04 17:42:47] [info]  Stopping service...
[2015-01-04 17:42:49] [info]  Service stopped.
[2015-01-04 17:42:49] [info]  Run service finished.
[2015-01-04 17:42:49] [info]  Commons Daemon procrun finished
