[2015-02-03 07:40:09] [info]  Commons Daemon procrun (1.0.7.0 32-bit) started
[2015-02-03 07:40:09] [info]  Running 'Tomcat7' Service...
[2015-02-03 07:40:10] [info]  Starting service...
[2015-02-03 07:40:28] [info]  Service started in 17875 ms.
[2015-02-03 08:47:49] [info]  Stopping service...
[2015-02-03 08:47:52] [info]  Service stopped.
[2015-02-03 08:47:52] [info]  Run service finished.
[2015-02-03 08:47:52] [info]  Commons Daemon procrun finished
[2015-02-03 08:48:53] [info]  Commons Daemon procrun (1.0.7.0 32-bit) started
[2015-02-03 08:48:53] [info]  Running 'Tomcat7' Service...
[2015-02-03 08:48:53] [info]  Starting service...
[2015-02-03 08:48:54] [info]  Service started in 1812 ms.
[2015-02-03 08:49:03] [info]  Run service finished.
[2015-02-03 08:49:03] [info]  Commons Daemon procrun finished
[2015-02-03 08:49:15] [info]  Commons Daemon procrun (1.0.7.0 32-bit) started
[2015-02-03 08:49:15] [info]  Running 'Tomcat7' Service...
[2015-02-03 08:49:15] [info]  Starting service...
[2015-02-03 08:49:17] [info]  Service started in 1078 ms.
[2015-02-03 17:21:41] [info]  Console LOGOFF event signaled
[2015-02-03 17:21:48] [info]  Console LOGOFF event signaled
[2015-02-03 17:21:57] [info]  Console SHUTDOWN event signaled
[2015-02-03 17:21:57] [info]  Stopping service...
[2015-02-03 17:22:00] [info]  Service stopped.
[2015-02-03 17:22:00] [info]  Run service finished.
[2015-02-03 17:22:01] [info]  Commons Daemon procrun finished
