[2015-01-13 07:36:42] [info]  Commons Daemon procrun (1.0.7.0 32-bit) started
[2015-01-13 07:36:43] [info]  Running 'Tomcat7' Service...
[2015-01-13 07:36:44] [info]  Starting service...
[2015-01-13 07:36:59] [info]  Service started in 15046 ms.
[2015-01-13 07:45:46] [info]  Commons Daemon procrun (1.0.7.0 32-bit) started
[2015-01-13 07:45:47] [info]  Running 'Tomcat7' Service...
[2015-01-13 07:45:47] [info]  Starting service...
[2015-01-13 07:45:59] [info]  Service started in 12359 ms.
[2015-01-13 08:01:38] [info]  Stopping service...
[2015-01-13 08:01:40] [info]  Service stopped.
[2015-01-13 08:01:40] [info]  Run service finished.
[2015-01-13 08:01:40] [info]  Commons Daemon procrun finished
[2015-01-13 17:14:29] [info]  Commons Daemon procrun (1.0.7.0 32-bit) started
[2015-01-13 17:14:29] [info]  Running 'Tomcat7' Service...
[2015-01-13 17:14:29] [info]  Starting service...
[2015-01-13 17:14:32] [info]  Service started in 3375 ms.
[2015-01-13 17:19:53] [info]  Console LOGOFF event signaled
[2015-01-13 17:19:58] [info]  Console LOGOFF event signaled
[2015-01-13 17:20:06] [info]  Console SHUTDOWN event signaled
[2015-01-13 17:20:06] [info]  Stopping service...
[2015-01-13 17:20:08] [info]  Service stopped.
[2015-01-13 17:20:08] [info]  Run service finished.
[2015-01-13 17:20:08] [info]  Commons Daemon procrun finished
