[2015-02-14 07:40:13] [info]  Commons Daemon procrun (1.0.7.0 32-bit) started
[2015-02-14 07:40:14] [info]  Running 'Tomcat7' Service...
[2015-02-14 07:40:14] [info]  Starting service...
[2015-02-14 07:40:25] [info]  Service started in 11750 ms.
[2015-02-14 08:00:12] [info]  Console LOGOFF event signaled
[2015-02-14 08:00:17] [info]  Console LOGOFF event signaled
[2015-02-14 08:00:19] [info]  Console SHUTDOWN event signaled
[2015-02-14 08:00:19] [info]  Stopping service...
[2015-02-14 08:00:21] [info]  Service stopped.
[2015-02-14 08:00:21] [info]  Run service finished.
[2015-02-14 08:00:21] [info]  Commons Daemon procrun finished
[2015-02-14 08:01:58] [info]  Commons Daemon procrun (1.0.7.0 32-bit) started
[2015-02-14 08:01:59] [info]  Running 'Tomcat7' Service...
[2015-02-14 08:02:02] [info]  Starting service...
[2015-02-14 08:02:21] [info]  Service started in 18656 ms.
[2015-02-14 12:11:06] [info]  Console LOGOFF event signaled
[2015-02-14 12:11:10] [info]  Console LOGOFF event signaled
[2015-02-14 12:11:19] [info]  Console SHUTDOWN event signaled
[2015-02-14 12:11:19] [info]  Stopping service...
[2015-02-14 12:11:21] [info]  Service stopped.
[2015-02-14 12:11:21] [info]  Run service finished.
[2015-02-14 12:11:21] [info]  Commons Daemon procrun finished
