[2015-03-11 07:29:33] [info]  Commons Daemon procrun (1.0.7.0 32-bit) started
[2015-03-11 07:29:33] [info]  Running 'Tomcat7' Service...
[2015-03-11 07:29:34] [info]  Starting service...
[2015-03-11 07:29:49] [info]  Service started in 14703 ms.
[2015-03-11 17:18:15] [info]  Console LOGOFF event signaled
[2015-03-11 17:18:20] [info]  Console LOGOFF event signaled
[2015-03-11 17:18:29] [info]  Console SHUTDOWN event signaled
[2015-03-11 17:18:29] [info]  Stopping service...
[2015-03-11 17:18:32] [info]  Service stopped.
[2015-03-11 17:18:32] [info]  Run service finished.
[2015-03-11 17:18:32] [info]  Commons Daemon procrun finished
[2015-03-11 18:36:27] [info]  Commons Daemon procrun (1.0.7.0 32-bit) started
[2015-03-11 18:36:30] [info]  Running 'Tomcat7' Service...
[2015-03-11 18:36:30] [info]  Starting service...
[2015-03-11 18:36:49] [info]  Service started in 18328 ms.
[2015-03-11 19:01:10] [info]  Console LOGOFF event signaled
[2015-03-11 19:01:14] [info]  Console LOGOFF event signaled
[2015-03-11 19:01:16] [info]  Console SHUTDOWN event signaled
[2015-03-11 19:01:16] [info]  Stopping service...
[2015-03-11 19:01:18] [info]  Service stopped.
[2015-03-11 19:01:18] [info]  Run service finished.
[2015-03-11 19:01:18] [info]  Commons Daemon procrun finished
