[2015-01-12 07:32:04] [info]  Commons Daemon procrun (1.0.7.0 32-bit) started
[2015-01-12 07:32:06] [info]  Running 'Tomcat7' Service...
[2015-01-12 07:32:06] [info]  Starting service...
[2015-01-12 07:32:18] [info]  Service started in 11765 ms.
[2015-01-12 08:01:02] [info]  Stopping service...
[2015-01-12 08:01:04] [info]  Service stopped.
[2015-01-12 08:01:04] [info]  Run service finished.
[2015-01-12 08:01:04] [info]  Commons Daemon procrun finished
[2015-01-12 10:45:05] [info]  Commons Daemon procrun (1.0.7.0 32-bit) started
[2015-01-12 10:45:05] [info]  Running 'Tomcat7' Service...
[2015-01-12 10:45:05] [info]  Starting service...
[2015-01-12 10:45:08] [info]  Service started in 2968 ms.
[2015-01-12 11:05:28] [info]  Stopping service...
[2015-01-12 11:05:30] [info]  Service stopped.
[2015-01-12 11:05:30] [info]  Run service finished.
[2015-01-12 11:05:30] [info]  Commons Daemon procrun finished
[2015-01-12 11:44:56] [info]  Commons Daemon procrun (1.0.7.0 32-bit) started
[2015-01-12 11:44:56] [info]  Running 'Tomcat7' Service...
[2015-01-12 11:44:56] [info]  Starting service...
[2015-01-12 11:44:58] [info]  Service started in 1500 ms.
[2015-01-12 14:12:52] [info]  Stopping service...
[2015-01-12 14:12:54] [info]  Service stopped.
[2015-01-12 14:12:54] [info]  Run service finished.
[2015-01-12 14:12:54] [info]  Commons Daemon procrun finished
[2015-01-12 14:25:14] [info]  Commons Daemon procrun (1.0.7.0 32-bit) started
[2015-01-12 14:25:14] [info]  Running 'Tomcat7' Service...
[2015-01-12 14:25:14] [info]  Starting service...
[2015-01-12 14:25:15] [info]  Service started in 1312 ms.
[2015-01-12 14:34:03] [info]  Stopping service...
[2015-01-12 14:34:04] [info]  Service stopped.
[2015-01-12 14:34:04] [info]  Run service finished.
[2015-01-12 14:34:04] [info]  Commons Daemon procrun finished
[2015-01-12 15:55:46] [info]  Commons Daemon procrun (1.0.7.0 32-bit) started
[2015-01-12 15:55:46] [info]  Running 'Tomcat7' Service...
[2015-01-12 15:55:46] [info]  Starting service...
[2015-01-12 15:55:47] [info]  Service started in 1328 ms.
[2015-01-12 17:15:21] [info]  Console LOGOFF event signaled
[2015-01-12 17:15:26] [info]  Console LOGOFF event signaled
[2015-01-12 17:15:32] [info]  Console SHUTDOWN event signaled
[2015-01-12 17:15:32] [info]  Stopping service...
[2015-01-12 17:15:34] [info]  Service stopped.
[2015-01-12 17:15:34] [info]  Run service finished.
[2015-01-12 17:15:34] [info]  Commons Daemon procrun finished
