[2015-01-05 07:40:37] [info]  Commons Daemon procrun (1.0.7.0 32-bit) started
[2015-01-05 07:40:38] [info]  Running 'Tomcat7' Service...
[2015-01-05 07:40:38] [info]  Starting service...
[2015-01-05 07:40:49] [info]  Service started in 10890 ms.
[2015-01-05 10:37:27] [info]  Stopping service...
[2015-01-05 10:37:29] [info]  Service stopped.
[2015-01-05 10:37:29] [info]  Run service finished.
[2015-01-05 10:37:29] [info]  Commons Daemon procrun finished
[2015-01-05 10:37:59] [info]  Commons Daemon procrun (1.0.7.0 32-bit) started
[2015-01-05 10:37:59] [info]  Running 'Tomcat7' Service...
[2015-01-05 10:37:59] [info]  Starting service...
[2015-01-05 10:38:01] [info]  Service started in 2250 ms.
[2015-01-05 10:38:16] [info]  Run service finished.
[2015-01-05 10:38:16] [info]  Commons Daemon procrun finished
[2015-01-05 10:39:06] [info]  Commons Daemon procrun (1.0.7.0 32-bit) started
[2015-01-05 10:39:06] [info]  Running 'Tomcat7' Service...
[2015-01-05 10:39:06] [info]  Starting service...
[2015-01-05 10:39:08] [info]  Service started in 1093 ms.
[2015-01-05 10:39:14] [info]  Run service finished.
[2015-01-05 10:39:14] [info]  Commons Daemon procrun finished
[2015-01-05 10:43:04] [info]  Commons Daemon procrun (1.0.7.0 32-bit) started
[2015-01-05 10:43:04] [info]  Running 'Tomcat7' Service...
[2015-01-05 10:43:04] [info]  Starting service...
[2015-01-05 10:43:24] [info]  Service started in 20062 ms.
[2015-01-05 10:45:57] [info]  Stopping service...
[2015-01-05 10:45:59] [info]  Service stopped.
[2015-01-05 10:45:59] [info]  Run service finished.
[2015-01-05 10:45:59] [info]  Commons Daemon procrun finished
[2015-01-05 17:37:31] [info]  Commons Daemon procrun (1.0.7.0 32-bit) started
[2015-01-05 17:37:32] [info]  Running 'Tomcat7' Service...
[2015-01-05 17:37:33] [info]  Starting service...
[2015-01-05 17:37:46] [info]  Service started in 12906 ms.
[2015-01-05 18:01:53] [info]  Console LOGOFF event signaled
[2015-01-05 18:01:57] [info]  Console LOGOFF event signaled
