[2015-05-05 07:41:23] [info]  Commons Daemon procrun (1.0.7.0 32-bit) started
[2015-05-05 07:41:23] [info]  Running 'Tomcat7' Service...
[2015-05-05 07:41:25] [info]  Starting service...
[2015-05-05 07:41:38] [info]  Service started in 13109 ms.
[2015-05-05 17:26:04] [info]  Console LOGOFF event signaled
[2015-05-05 17:26:09] [info]  Console LOGOFF event signaled
[2015-05-05 17:26:20] [info]  Console SHUTDOWN event signaled
[2015-05-05 17:26:20] [info]  Stopping service...
[2015-05-05 17:26:23] [info]  Service stopped.
[2015-05-05 17:26:23] [info]  Run service finished.
[2015-05-05 17:26:23] [info]  Commons Daemon procrun finished
[2015-05-05 18:13:31] [info]  Commons Daemon procrun (1.0.7.0 32-bit) started
[2015-05-05 18:13:32] [info]  Running 'Tomcat7' Service...
[2015-05-05 18:13:32] [info]  Starting service...
[2015-05-05 18:13:41] [info]  Service started in 9234 ms.
[2015-05-05 21:13:22] [info]  Console LOGOFF event signaled
[2015-05-05 21:13:29] [info]  Console LOGOFF event signaled
[2015-05-05 21:13:38] [info]  Console SHUTDOWN event signaled
[2015-05-05 21:13:38] [info]  Stopping service...
[2015-05-05 21:13:40] [info]  Service stopped.
[2015-05-05 21:13:40] [info]  Run service finished.
[2015-05-05 21:13:40] [info]  Commons Daemon procrun finished
