[2015-06-08 07:41:22] [info]  Commons Daemon procrun (1.0.7.0 32-bit) started
[2015-06-08 07:41:23] [info]  Running 'Tomcat7' Service...
[2015-06-08 07:41:23] [info]  Starting service...
[2015-06-08 07:41:35] [info]  Service started in 12343 ms.
[2015-06-08 17:34:07] [info]  Console LOGOFF event signaled
[2015-06-08 17:34:11] [info]  Console LOGOFF event signaled
[2015-06-08 17:34:21] [info]  Console SHUTDOWN event signaled
[2015-06-08 17:34:21] [info]  Stopping service...
[2015-06-08 17:34:23] [info]  Service stopped.
[2015-06-08 17:34:23] [info]  Run service finished.
[2015-06-08 17:34:23] [info]  Commons Daemon procrun finished
[2015-06-08 18:07:50] [info]  Commons Daemon procrun (1.0.7.0 32-bit) started
[2015-06-08 18:07:51] [info]  Running 'Tomcat7' Service...
[2015-06-08 18:07:51] [info]  Starting service...
[2015-06-08 18:08:04] [info]  Service started in 12625 ms.
[2015-06-08 19:34:27] [info]  Console LOGOFF event signaled
[2015-06-08 19:34:31] [info]  Console LOGOFF event signaled
[2015-06-08 19:34:40] [info]  Console SHUTDOWN event signaled
[2015-06-08 19:34:40] [info]  Stopping service...
[2015-06-08 19:34:42] [info]  Service stopped.
[2015-06-08 19:34:42] [info]  Run service finished.
[2015-06-08 19:34:42] [info]  Commons Daemon procrun finished
