[2015-01-28 07:42:22] [info]  Commons Daemon procrun (1.0.7.0 32-bit) started
[2015-01-28 07:42:24] [info]  Running 'Tomcat7' Service...
[2015-01-28 07:42:24] [info]  Starting service...
[2015-01-28 07:42:37] [info]  Service started in 12500 ms.
[2015-01-28 07:49:31] [info]  Stopping service...
[2015-01-28 07:49:33] [info]  Service stopped.
[2015-01-28 07:49:33] [info]  Run service finished.
[2015-01-28 07:49:33] [info]  Commons Daemon procrun finished
[2015-01-28 14:30:52] [info]  Commons Daemon procrun (1.0.7.0 32-bit) started
[2015-01-28 14:30:52] [info]  Running 'Tomcat7' Service...
[2015-01-28 14:30:52] [info]  Starting service...
[2015-01-28 14:30:55] [info]  Service started in 3046 ms.
[2015-01-28 14:33:55] [info]  Stopping service...
[2015-01-28 14:33:57] [info]  Service stopped.
[2015-01-28 14:33:57] [info]  Run service finished.
[2015-01-28 14:33:57] [info]  Commons Daemon procrun finished
[2015-01-28 17:49:42] [info]  Commons Daemon procrun (1.0.7.0 32-bit) started
[2015-01-28 17:49:44] [info]  Running 'Tomcat7' Service...
[2015-01-28 17:49:47] [info]  Starting service...
[2015-01-28 17:50:01] [info]  Service started in 13968 ms.
[2015-01-28 18:34:59] [info]  Console LOGOFF event signaled
[2015-01-28 18:35:03] [info]  Console LOGOFF event signaled
[2015-01-28 18:35:12] [info]  Console SHUTDOWN event signaled
[2015-01-28 18:35:12] [info]  Stopping service...
[2015-01-28 18:35:15] [info]  Service stopped.
[2015-01-28 18:35:15] [info]  Run service finished.
[2015-01-28 18:35:15] [info]  Commons Daemon procrun finished
