[2015-01-06 07:31:02] [info]  Commons Daemon procrun (1.0.7.0 32-bit) started
[2015-01-06 07:31:03] [info]  Running 'Tomcat7' Service...
[2015-01-06 07:31:04] [info]  Starting service...
[2015-01-06 07:31:16] [info]  Service started in 12765 ms.
[2015-01-06 07:32:29] [info]  Stopping service...
[2015-01-06 07:32:31] [info]  Service stopped.
[2015-01-06 07:32:31] [info]  Run service finished.
[2015-01-06 07:32:31] [info]  Commons Daemon procrun finished
[2015-01-06 08:28:29] [info]  Commons Daemon procrun (1.0.7.0 32-bit) started
[2015-01-06 08:28:29] [info]  Running 'Tomcat7' Service...
[2015-01-06 08:28:29] [info]  Starting service...
[2015-01-06 08:28:31] [info]  Service started in 2218 ms.
[2015-01-06 08:40:10] [info]  Console LOGOFF event signaled
[2015-01-06 08:40:15] [info]  Console LOGOFF event signaled
[2015-01-06 08:40:23] [info]  Console SHUTDOWN event signaled
[2015-01-06 08:40:23] [info]  Stopping service...
[2015-01-06 08:40:25] [info]  Service stopped.
[2015-01-06 08:40:25] [info]  Run service finished.
[2015-01-06 08:40:25] [info]  Commons Daemon procrun finished
[2015-01-06 08:41:30] [info]  Commons Daemon procrun (1.0.7.0 32-bit) started
[2015-01-06 08:41:30] [info]  Running 'Tomcat7' Service...
[2015-01-06 08:41:31] [info]  Starting service...
[2015-01-06 08:41:51] [info]  Service started in 20062 ms.
[2015-01-06 12:39:27] [info]  Console LOGOFF event signaled
[2015-01-06 17:31:47] [info]  Console LOGOFF event signaled
[2015-01-06 17:31:52] [info]  Console LOGOFF event signaled
[2015-01-06 17:32:02] [info]  Console SHUTDOWN event signaled
[2015-01-06 17:32:02] [info]  Stopping service...
[2015-01-06 17:32:04] [info]  Service stopped.
[2015-01-06 17:32:04] [info]  Run service finished.
[2015-01-06 17:32:04] [info]  Commons Daemon procrun finished
[2015-01-06 21:02:26] [info]  Commons Daemon procrun (1.0.7.0 32-bit) started
[2015-01-06 21:02:27] [info]  Running 'Tomcat7' Service...
[2015-01-06 21:02:30] [info]  Starting service...
[2015-01-06 21:02:42] [info]  Service started in 11437 ms.
[2015-01-06 21:03:10] [info]  Stopping service...
[2015-01-06 21:16:00] [info]  Commons Daemon procrun (1.0.7.0 32-bit) started
[2015-01-06 21:16:00] [info]  Running 'Tomcat7' Service...
[2015-01-06 21:16:01] [info]  Starting service...
[2015-01-06 21:16:03] [info]  Service started in 1968 ms.
[2015-01-06 21:20:17] [info]  Stopping service...
[2015-01-06 21:20:19] [info]  Service stopped.
[2015-01-06 21:20:19] [info]  Run service finished.
[2015-01-06 21:20:19] [info]  Commons Daemon procrun finished
[2015-01-06 21:20:25] [info]  Commons Daemon procrun (1.0.7.0 32-bit) started
[2015-01-06 21:20:25] [info]  Running 'Tomcat7' Service...
[2015-01-06 21:20:25] [info]  Starting service...
[2015-01-06 21:20:26] [info]  Service started in 1312 ms.
[2015-01-06 21:24:09] [info]  Stopping service...
[2015-01-06 21:24:11] [info]  Service stopped.
[2015-01-06 21:24:11] [info]  Run service finished.
[2015-01-06 21:24:11] [info]  Commons Daemon procrun finished
[2015-01-06 21:31:18] [info]  Commons Daemon procrun (1.0.7.0 32-bit) started
[2015-01-06 21:31:18] [info]  Running 'Tomcat7' Service...
[2015-01-06 21:31:18] [info]  Starting service...
[2015-01-06 21:31:31] [info]  Service started in 13000 ms.
[2015-01-06 21:33:56] [info]  Stopping service...
[2015-01-06 21:33:58] [info]  Service stopped.
[2015-01-06 21:33:59] [info]  Run service finished.
[2015-01-06 21:33:59] [info]  Commons Daemon procrun finished
[2015-01-06 21:41:57] [info]  Commons Daemon procrun (1.0.7.0 32-bit) started
[2015-01-06 21:41:57] [info]  Running 'Tomcat7' Service...
[2015-01-06 21:41:57] [info]  Starting service...
[2015-01-06 21:41:58] [info]  Service started in 1328 ms.
[2015-01-06 21:43:49] [info]  Stopping service...
[2015-01-06 21:43:51] [info]  Service stopped.
[2015-01-06 21:43:51] [info]  Run service finished.
[2015-01-06 21:43:51] [info]  Commons Daemon procrun finished
[2015-01-06 21:45:08] [info]  Commons Daemon procrun (1.0.7.0 32-bit) started
[2015-01-06 21:45:09] [info]  Running 'Tomcat7' Service...
[2015-01-06 21:45:09] [info]  Starting service...
[2015-01-06 21:45:10] [info]  Service started in 1093 ms.
[2015-01-06 21:46:16] [info]  Stopping service...
[2015-01-06 21:46:18] [info]  Service stopped.
[2015-01-06 21:46:18] [info]  Run service finished.
[2015-01-06 21:46:18] [info]  Commons Daemon procrun finished
[2015-01-06 21:47:27] [info]  Commons Daemon procrun (1.0.7.0 32-bit) started
[2015-01-06 21:47:27] [info]  Running 'Tomcat7' Service...
[2015-01-06 21:47:27] [info]  Starting service...
[2015-01-06 21:47:29] [info]  Service started in 1093 ms.
[2015-01-06 21:47:36] [info]  Run service finished.
[2015-01-06 21:47:36] [info]  Commons Daemon procrun finished
[2015-01-06 21:47:54] [info]  Commons Daemon procrun (1.0.7.0 32-bit) started
[2015-01-06 21:47:54] [info]  Running 'Tomcat7' Service...
[2015-01-06 21:47:54] [info]  Starting service...
[2015-01-06 21:47:55] [info]  Service started in 1093 ms.
[2015-01-06 21:48:37] [info]  Console LOGOFF event signaled
[2015-01-06 21:48:41] [info]  Console LOGOFF event signaled
[2015-01-06 21:48:44] [info]  Console SHUTDOWN event signaled
[2015-01-06 21:48:44] [info]  Stopping service...
[2015-01-06 21:48:46] [info]  Service stopped.
[2015-01-06 21:48:46] [info]  Run service finished.
[2015-01-06 21:48:46] [info]  Commons Daemon procrun finished
