[2015-04-27 07:17:13] [info]  Commons Daemon procrun (1.0.7.0 32-bit) started
[2015-04-27 07:17:14] [info]  Running 'Tomcat7' Service...
[2015-04-27 07:17:14] [info]  Starting service...
[2015-04-27 07:17:25] [info]  Service started in 11109 ms.
[2015-04-27 07:38:27] [info]  Console LOGOFF event signaled
[2015-04-27 07:38:34] [info]  Console LOGOFF event signaled
[2015-04-27 07:38:36] [info]  Console SHUTDOWN event signaled
[2015-04-27 07:38:36] [info]  Stopping service...
[2015-04-27 07:38:38] [info]  Service stopped.
[2015-04-27 07:38:38] [info]  Run service finished.
[2015-04-27 07:38:38] [info]  Commons Daemon procrun finished
[2015-04-27 07:41:51] [info]  Commons Daemon procrun (1.0.7.0 32-bit) started
[2015-04-27 07:41:52] [info]  Running 'Tomcat7' Service...
[2015-04-27 07:41:52] [info]  Starting service...
[2015-04-27 07:42:02] [info]  Service started in 10265 ms.
[2015-04-27 20:55:14] [info]  Console LOGOFF event signaled
[2015-04-27 20:55:19] [info]  Console LOGOFF event signaled
[2015-04-27 20:55:29] [info]  Console SHUTDOWN event signaled
[2015-04-27 20:55:29] [info]  Stopping service...
[2015-04-27 20:55:31] [info]  Service stopped.
[2015-04-27 20:55:31] [info]  Run service finished.
[2015-04-27 20:55:31] [info]  Commons Daemon procrun finished
