[2015-01-10 07:34:04] [info]  Commons Daemon procrun (1.0.7.0 32-bit) started
[2015-01-10 07:34:04] [info]  Running 'Tomcat7' Service...
[2015-01-10 07:34:07] [info]  Starting service...
[2015-01-10 07:34:17] [info]  Service started in 9765 ms.
[2015-01-10 07:45:15] [info]  Console LOGOFF event signaled
[2015-01-10 07:45:22] [info]  Console LOGOFF event signaled
[2015-01-10 07:45:25] [info]  Console SHUTDOWN event signaled
[2015-01-10 07:45:25] [info]  Stopping service...
[2015-01-10 07:45:27] [info]  Service stopped.
[2015-01-10 07:45:27] [info]  Run service finished.
[2015-01-10 07:45:27] [info]  Commons Daemon procrun finished
[2015-01-10 07:47:02] [info]  Commons Daemon procrun (1.0.7.0 32-bit) started
[2015-01-10 07:47:02] [info]  Running 'Tomcat7' Service...
[2015-01-10 07:47:02] [info]  Starting service...
[2015-01-10 07:47:12] [info]  Service started in 9781 ms.
[2015-01-10 16:14:29] [info]  Console LOGOFF event signaled
[2015-01-10 16:14:34] [info]  Console LOGOFF event signaled
[2015-01-10 16:14:41] [info]  Console SHUTDOWN event signaled
[2015-01-10 16:14:41] [info]  Stopping service...
[2015-01-10 16:14:43] [info]  Service stopped.
[2015-01-10 16:14:43] [info]  Run service finished.
[2015-01-10 16:14:43] [info]  Commons Daemon procrun finished
