[2015-04-24 07:41:49] [info]  Commons Daemon procrun (1.0.7.0 32-bit) started
[2015-04-24 07:41:51] [info]  Running 'Tomcat7' Service...
[2015-04-24 07:41:51] [info]  Starting service...
[2015-04-24 07:42:03] [info]  Service started in 11609 ms.
[2015-04-24 17:35:02] [info]  Console LOGOFF event signaled
[2015-04-24 17:35:08] [info]  Console LOGOFF event signaled
[2015-04-24 17:35:18] [info]  Console SHUTDOWN event signaled
[2015-04-24 17:35:18] [info]  Stopping service...
[2015-04-24 17:35:21] [info]  Service stopped.
[2015-04-24 17:35:21] [info]  Run service finished.
[2015-04-24 17:35:21] [info]  Commons Daemon procrun finished
[2015-04-24 17:47:13] [info]  Commons Daemon procrun (1.0.7.0 32-bit) started
[2015-04-24 17:47:13] [info]  Running 'Tomcat7' Service...
[2015-04-24 17:47:13] [info]  Starting service...
[2015-04-24 17:47:24] [info]  Service started in 10906 ms.
[2015-04-24 19:49:35] [info]  Console LOGOFF event signaled
[2015-04-24 19:49:40] [info]  Console LOGOFF event signaled
[2015-04-24 19:49:42] [info]  Console SHUTDOWN event signaled
[2015-04-24 19:49:42] [info]  Stopping service...
[2015-04-24 19:49:44] [info]  Service stopped.
[2015-04-24 19:49:44] [info]  Run service finished.
[2015-04-24 19:49:44] [info]  Commons Daemon procrun finished
