[2015-03-23 07:44:49] [info]  Commons Daemon procrun (1.0.7.0 32-bit) started
[2015-03-23 07:44:49] [info]  Running 'Tomcat7' Service...
[2015-03-23 07:44:49] [info]  Starting service...
[2015-03-23 07:45:01] [info]  Service started in 11515 ms.
[2015-03-23 08:00:16] [info]  Console LOGOFF event signaled
[2015-03-23 08:00:22] [info]  Console LOGOFF event signaled
[2015-03-23 08:00:24] [info]  Console SHUTDOWN event signaled
[2015-03-23 08:00:24] [info]  Stopping service...
[2015-03-23 08:00:27] [info]  Service stopped.
[2015-03-23 08:00:27] [info]  Run service finished.
[2015-03-23 08:00:27] [info]  Commons Daemon procrun finished
[2015-03-23 08:01:32] [info]  Commons Daemon procrun (1.0.7.0 32-bit) started
[2015-03-23 08:01:32] [info]  Running 'Tomcat7' Service...
[2015-03-23 08:01:32] [info]  Starting service...
[2015-03-23 08:01:49] [info]  Service started in 16015 ms.
[2015-03-23 17:17:42] [info]  Console LOGOFF event signaled
[2015-03-23 17:17:47] [info]  Console LOGOFF event signaled
[2015-03-23 17:17:56] [info]  Console SHUTDOWN event signaled
[2015-03-23 17:17:56] [info]  Stopping service...
[2015-03-23 17:17:59] [info]  Service stopped.
[2015-03-23 17:17:59] [info]  Run service finished.
[2015-03-23 17:17:59] [info]  Commons Daemon procrun finished
