[2015-01-07 07:38:40] [info]  Commons Daemon procrun (1.0.7.0 32-bit) started
[2015-01-07 07:38:41] [info]  Running 'Tomcat7' Service...
[2015-01-07 07:38:41] [info]  Starting service...
[2015-01-07 07:39:00] [info]  Service started in 18937 ms.
[2015-01-07 08:18:01] [info]  Stopping service...
[2015-01-07 08:18:03] [info]  Service stopped.
[2015-01-07 08:18:03] [info]  Run service finished.
[2015-01-07 08:18:03] [info]  Commons Daemon procrun finished
[2015-01-07 08:21:41] [info]  Commons Daemon procrun (1.0.7.0 32-bit) started
[2015-01-07 08:21:41] [info]  Running 'Tomcat7' Service...
[2015-01-07 08:21:41] [info]  Starting service...
[2015-01-07 08:21:43] [info]  Service started in 1765 ms.
[2015-01-07 08:26:33] [info]  Stopping service...
[2015-01-07 08:26:35] [info]  Service stopped.
[2015-01-07 08:26:35] [info]  Run service finished.
[2015-01-07 08:26:35] [info]  Commons Daemon procrun finished
[2015-01-07 09:16:39] [info]  Commons Daemon procrun (1.0.7.0 32-bit) started
[2015-01-07 09:16:39] [info]  Running 'Tomcat7' Service...
[2015-01-07 09:16:39] [info]  Starting service...
[2015-01-07 09:16:40] [info]  Service started in 1343 ms.
[2015-01-07 09:16:52] [info]  Stopping service...
[2015-01-07 09:16:53] [info]  Service stopped.
[2015-01-07 09:16:53] [info]  Run service finished.
[2015-01-07 09:16:53] [info]  Commons Daemon procrun finished
[2015-01-07 10:41:25] [info]  Commons Daemon procrun (1.0.7.0 32-bit) started
[2015-01-07 10:41:25] [info]  Running 'Tomcat7' Service...
[2015-01-07 10:41:25] [info]  Starting service...
[2015-01-07 10:41:26] [info]  Service started in 1328 ms.
[2015-01-07 10:42:26] [info]  Stopping service...
[2015-01-07 10:42:28] [info]  Service stopped.
[2015-01-07 10:42:28] [info]  Run service finished.
[2015-01-07 10:42:28] [info]  Commons Daemon procrun finished
