[2015-03-27 07:39:22] [info]  Commons Daemon procrun (1.0.7.0 32-bit) started
[2015-03-27 07:39:22] [info]  Running 'Tomcat7' Service...
[2015-03-27 07:39:22] [info]  Starting service...
[2015-03-27 07:39:32] [info]  Service started in 10218 ms.
[2015-03-27 17:06:39] [info]  Console LOGOFF event signaled
[2015-03-27 17:06:44] [info]  Console LOGOFF event signaled
[2015-03-27 17:06:51] [info]  Console SHUTDOWN event signaled
[2015-03-27 17:06:51] [info]  Stopping service...
[2015-03-27 17:06:54] [info]  Service stopped.
[2015-03-27 17:06:54] [info]  Run service finished.
[2015-03-27 17:06:54] [info]  Commons Daemon procrun finished
[2015-03-27 18:27:17] [info]  Commons Daemon procrun (1.0.7.0 32-bit) started
[2015-03-27 18:27:18] [info]  Running 'Tomcat7' Service...
[2015-03-27 18:27:20] [info]  Starting service...
[2015-03-27 18:27:34] [info]  Service started in 11968 ms.
[2015-03-27 19:15:16] [info]  Console LOGOFF event signaled
[2015-03-27 19:15:23] [info]  Console LOGOFF event signaled
[2015-03-27 19:15:31] [info]  Console SHUTDOWN event signaled
[2015-03-27 19:15:31] [info]  Stopping service...
[2015-03-27 19:15:33] [info]  Service stopped.
[2015-03-27 19:15:33] [info]  Run service finished.
[2015-03-27 19:15:34] [info]  Commons Daemon procrun finished
