[2015-07-11 07:28:22] [info]  Commons Daemon procrun (1.0.7.0 32-bit) started
[2015-07-11 07:28:24] [info]  Running 'Tomcat7' Service...
[2015-07-11 07:28:24] [info]  Starting service...
[2015-07-11 07:28:35] [info]  Service started in 10484 ms.
[2015-07-11 12:51:26] [info]  Console LOGOFF event signaled
[2015-07-11 12:51:30] [info]  Console LOGOFF event signaled
[2015-07-11 12:51:38] [info]  Console SHUTDOWN event signaled
[2015-07-11 12:51:39] [info]  Stopping service...
[2015-07-11 12:51:41] [info]  Service stopped.
[2015-07-11 12:51:41] [info]  Run service finished.
[2015-07-11 12:51:41] [info]  Commons Daemon procrun finished
[2015-07-11 12:59:13] [info]  Commons Daemon procrun (1.0.7.0 32-bit) started
[2015-07-11 12:59:15] [info]  Running 'Tomcat7' Service...
[2015-07-11 12:59:18] [info]  Starting service...
[2015-07-11 12:59:30] [info]  Service started in 11578 ms.
[2015-07-11 16:04:38] [info]  Console LOGOFF event signaled
[2015-07-11 16:04:42] [info]  Console LOGOFF event signaled
[2015-07-11 16:04:51] [info]  Console SHUTDOWN event signaled
[2015-07-11 16:04:51] [info]  Stopping service...
[2015-07-11 16:04:53] [info]  Service stopped.
[2015-07-11 16:04:53] [info]  Run service finished.
[2015-07-11 16:04:53] [info]  Commons Daemon procrun finished
