[2015-07-08 07:32:49] [info]  Commons Daemon procrun (1.0.7.0 32-bit) started
[2015-07-08 07:32:50] [info]  Running 'Tomcat7' Service...
[2015-07-08 07:32:50] [info]  Starting service...
[2015-07-08 07:33:04] [info]  Service started in 14468 ms.
[2015-07-08 17:50:04] [info]  Console LOGOFF event signaled
[2015-07-08 17:50:08] [info]  Console LOGOFF event signaled
[2015-07-08 17:50:16] [info]  Console SHUTDOWN event signaled
[2015-07-08 17:50:16] [info]  Stopping service...
[2015-07-08 17:50:19] [info]  Service stopped.
[2015-07-08 17:50:19] [info]  Run service finished.
[2015-07-08 17:50:19] [info]  Commons Daemon procrun finished
[2015-07-08 18:01:02] [info]  Commons Daemon procrun (1.0.7.0 32-bit) started
[2015-07-08 18:01:03] [info]  Running 'Tomcat7' Service...
[2015-07-08 18:01:03] [info]  Starting service...
[2015-07-08 18:01:15] [info]  Service started in 11359 ms.
[2015-07-08 19:22:49] [info]  Console LOGOFF event signaled
[2015-07-08 19:22:54] [info]  Console LOGOFF event signaled
[2015-07-08 19:23:02] [info]  Console SHUTDOWN event signaled
[2015-07-08 19:23:02] [info]  Stopping service...
[2015-07-08 19:23:04] [info]  Service stopped.
[2015-07-08 19:23:04] [info]  Run service finished.
[2015-07-08 19:23:04] [info]  Commons Daemon procrun finished
