[2015-04-13 07:35:33] [info]  Commons Daemon procrun (1.0.7.0 32-bit) started
[2015-04-13 07:35:35] [info]  Running 'Tomcat7' Service...
[2015-04-13 07:35:35] [info]  Starting service...
[2015-04-13 07:35:47] [info]  Service started in 11890 ms.
[2015-04-13 11:46:16] [info]  Commons Daemon procrun (1.0.7.0 32-bit) started
[2015-04-13 11:46:18] [info]  Running 'Tomcat7' Service...
[2015-04-13 11:46:19] [info]  Starting service...
[2015-04-13 11:46:34] [info]  Service started in 15203 ms.
[2015-04-13 11:54:14] [info]  Console LOGOFF event signaled
[2015-04-13 11:54:18] [info]  Console LOGOFF event signaled
[2015-04-13 11:54:20] [info]  Console SHUTDOWN event signaled
[2015-04-13 11:54:20] [info]  Stopping service...
[2015-04-13 11:54:22] [info]  Service stopped.
[2015-04-13 11:54:22] [info]  Run service finished.
[2015-04-13 11:54:23] [info]  Commons Daemon procrun finished
[2015-04-13 11:55:43] [info]  Commons Daemon procrun (1.0.7.0 32-bit) started
[2015-04-13 11:55:44] [info]  Running 'Tomcat7' Service...
[2015-04-13 11:55:44] [info]  Starting service...
[2015-04-13 11:55:52] [info]  Service started in 8312 ms.
[2015-04-13 18:06:27] [info]  Console LOGOFF event signaled
[2015-04-13 18:06:32] [info]  Console LOGOFF event signaled
[2015-04-13 18:23:47] [info]  Commons Daemon procrun (1.0.7.0 32-bit) started
[2015-04-13 18:23:48] [info]  Running 'Tomcat7' Service...
[2015-04-13 18:23:48] [info]  Starting service...
[2015-04-13 18:24:00] [info]  Service started in 11203 ms.
[2015-04-13 20:34:52] [info]  Console LOGOFF event signaled
[2015-04-13 20:34:57] [info]  Console LOGOFF event signaled
[2015-04-13 20:35:05] [info]  Console SHUTDOWN event signaled
[2015-04-13 20:35:05] [info]  Stopping service...
[2015-04-13 20:35:07] [info]  Service stopped.
[2015-04-13 20:35:07] [info]  Run service finished.
[2015-04-13 20:35:07] [info]  Commons Daemon procrun finished
[2015-04-13 20:52:27] [info]  Commons Daemon procrun (1.0.7.0 32-bit) started
[2015-04-13 20:52:28] [info]  Running 'Tomcat7' Service...
[2015-04-13 20:52:28] [info]  Starting service...
[2015-04-13 20:52:38] [info]  Service started in 10406 ms.
[2015-04-13 23:04:18] [info]  Console LOGOFF event signaled
[2015-04-13 23:04:22] [info]  Console LOGOFF event signaled
[2015-04-13 23:04:24] [info]  Console SHUTDOWN event signaled
[2015-04-13 23:04:24] [info]  Stopping service...
[2015-04-13 23:04:27] [info]  Service stopped.
[2015-04-13 23:04:27] [info]  Run service finished.
[2015-04-13 23:04:27] [info]  Commons Daemon procrun finished
