[2015-05-12 07:41:13] [info]  Commons Daemon procrun (1.0.7.0 32-bit) started
[2015-05-12 07:41:14] [info]  Running 'Tomcat7' Service...
[2015-05-12 07:41:14] [info]  Starting service...
[2015-05-12 07:41:25] [info]  Service started in 11156 ms.
[2015-05-12 17:16:43] [info]  Console LOGOFF event signaled
[2015-05-12 17:16:48] [info]  Console LOGOFF event signaled
[2015-05-12 17:16:56] [info]  Console SHUTDOWN event signaled
[2015-05-12 17:16:56] [info]  Stopping service...
[2015-05-12 17:16:58] [info]  Service stopped.
[2015-05-12 17:16:58] [info]  Run service finished.
[2015-05-12 17:16:58] [info]  Commons Daemon procrun finished
[2015-05-12 17:32:27] [info]  Commons Daemon procrun (1.0.7.0 32-bit) started
[2015-05-12 17:32:28] [info]  Running 'Tomcat7' Service...
[2015-05-12 17:32:28] [info]  Starting service...
[2015-05-12 17:32:40] [info]  Service started in 11781 ms.
[2015-05-12 17:37:04] [info]  Console LOGOFF event signaled
[2015-05-12 17:37:08] [info]  Console LOGOFF event signaled
[2015-05-12 17:37:09] [info]  Console SHUTDOWN event signaled
[2015-05-12 17:37:09] [info]  Stopping service...
[2015-05-12 17:37:12] [info]  Service stopped.
[2015-05-12 17:37:12] [info]  Run service finished.
[2015-05-12 17:37:12] [info]  Commons Daemon procrun finished
