[2015-06-23 07:30:43] [info]  Commons Daemon procrun (1.0.7.0 32-bit) started
[2015-06-23 07:30:45] [info]  Running 'Tomcat7' Service...
[2015-06-23 07:30:45] [info]  Starting service...
[2015-06-23 07:31:00] [info]  Service started in 14625 ms.
[2015-06-23 17:21:49] [info]  Console LOGOFF event signaled
[2015-06-23 17:21:54] [info]  Console LOGOFF event signaled
[2015-06-23 17:22:03] [info]  Console SHUTDOWN event signaled
[2015-06-23 17:22:03] [info]  Stopping service...
[2015-06-23 17:22:05] [info]  Service stopped.
[2015-06-23 17:22:05] [info]  Run service finished.
[2015-06-23 17:22:05] [info]  Commons Daemon procrun finished
[2015-06-23 17:23:42] [info]  Commons Daemon procrun (1.0.7.0 32-bit) started
[2015-06-23 17:23:43] [info]  Running 'Tomcat7' Service...
[2015-06-23 17:23:44] [info]  Starting service...
[2015-06-23 17:23:58] [info]  Service started in 13812 ms.
[2015-06-23 17:26:34] [info]  Console LOGOFF event signaled
[2015-06-23 17:26:38] [info]  Console LOGOFF event signaled
[2015-06-23 17:26:40] [info]  Console SHUTDOWN event signaled
[2015-06-23 17:26:40] [info]  Stopping service...
[2015-06-23 17:26:42] [info]  Service stopped.
[2015-06-23 17:26:42] [info]  Run service finished.
[2015-06-23 17:26:42] [info]  Commons Daemon procrun finished
