[2015-04-09 07:39:18] [info]  Commons Daemon procrun (1.0.7.0 32-bit) started
[2015-04-09 07:39:20] [info]  Running 'Tomcat7' Service...
[2015-04-09 07:39:20] [info]  Starting service...
[2015-04-09 07:39:34] [info]  Service started in 14640 ms.
[2015-04-09 17:52:45] [info]  Console LOGOFF event signaled
[2015-04-09 17:52:50] [info]  Console LOGOFF event signaled
[2015-04-09 17:52:58] [info]  Console SHUTDOWN event signaled
[2015-04-09 17:52:58] [info]  Stopping service...
[2015-04-09 17:53:01] [info]  Service stopped.
[2015-04-09 17:53:01] [info]  Run service finished.
[2015-04-09 17:53:01] [info]  Commons Daemon procrun finished
[2015-04-09 18:25:32] [info]  Commons Daemon procrun (1.0.7.0 32-bit) started
[2015-04-09 18:25:33] [info]  Running 'Tomcat7' Service...
[2015-04-09 18:25:33] [info]  Starting service...
[2015-04-09 18:25:42] [info]  Service started in 9312 ms.
[2015-04-09 18:40:06] [info]  Console LOGOFF event signaled
[2015-04-09 18:40:10] [info]  Console LOGOFF event signaled
[2015-04-09 18:40:12] [info]  Console SHUTDOWN event signaled
[2015-04-09 18:40:12] [info]  Stopping service...
[2015-04-09 18:40:14] [info]  Service stopped.
[2015-04-09 18:40:14] [info]  Run service finished.
[2015-04-09 18:40:14] [info]  Commons Daemon procrun finished
