[2015-01-02 07:38:37] [info]  Commons Daemon procrun (1.0.7.0 32-bit) started
[2015-01-02 07:38:38] [info]  Running 'Tomcat7' Service...
[2015-01-02 07:38:38] [info]  Starting service...
[2015-01-02 07:38:57] [info]  Service started in 19281 ms.
[2015-01-02 17:25:54] [info]  Console LOGOFF event signaled
[2015-01-02 17:25:59] [info]  Console LOGOFF event signaled
[2015-01-02 17:26:01] [info]  Console SHUTDOWN event signaled
[2015-01-02 17:26:01] [info]  Stopping service...
[2015-01-02 17:26:04] [info]  Service stopped.
[2015-01-02 17:26:04] [info]  Run service finished.
[2015-01-02 17:26:04] [info]  Commons Daemon procrun finished
[2015-01-02 19:00:44] [info]  Commons Daemon procrun (1.0.7.0 32-bit) started
[2015-01-02 19:00:44] [info]  Running 'Tomcat7' Service...
[2015-01-02 19:00:45] [info]  Starting service...
[2015-01-02 19:01:03] [info]  Service started in 17593 ms.
[2015-01-02 20:00:22] [info]  Console LOGOFF event signaled
[2015-01-02 20:00:26] [info]  Console LOGOFF event signaled
[2015-01-02 20:00:34] [info]  Console SHUTDOWN event signaled
[2015-01-02 20:00:34] [info]  Stopping service...
[2015-01-02 20:00:36] [info]  Service stopped.
[2015-01-02 20:00:36] [info]  Run service finished.
[2015-01-02 20:00:36] [info]  Commons Daemon procrun finished
