[2015-09-06 17:33:34] [info]  Commons Daemon procrun (1.0.7.0 32-bit) started
[2015-09-06 17:33:34] [info]  Running 'Tomcat7' Service...
[2015-09-06 17:33:34] [info]  Starting service...
[2015-09-06 17:33:46] [info]  Service started in 11812 ms.
[2015-09-06 17:48:34] [info]  Commons Daemon procrun (1.0.7.0 32-bit) started
[2015-09-06 17:48:34] [info]  Running 'Tomcat7' Service...
[2015-09-06 17:48:34] [info]  Starting service...
[2015-09-06 17:48:50] [info]  Service started in 15718 ms.
[2015-09-06 18:38:55] [info]  Commons Daemon procrun (1.0.7.0 32-bit) started
[2015-09-06 18:38:55] [info]  Running 'Tomcat7' Service...
[2015-09-06 18:38:55] [info]  Starting service...
[2015-09-06 18:39:17] [info]  Service started in 21484 ms.
[2015-09-06 19:12:28] [info]  Commons Daemon procrun (1.0.7.0 32-bit) started
[2015-09-06 19:12:29] [info]  Running 'Tomcat7' Service...
[2015-09-06 19:12:29] [info]  Starting service...
[2015-09-06 19:12:39] [info]  Service started in 9953 ms.
[2015-09-06 19:17:10] [info]  Console LOGOFF event signaled
[2015-09-06 19:17:15] [info]  Console LOGOFF event signaled
[2015-09-06 19:17:17] [info]  Console SHUTDOWN event signaled
[2015-09-06 19:17:17] [info]  Stopping service...
[2015-09-06 19:17:19] [info]  Service stopped.
[2015-09-06 19:17:19] [info]  Run service finished.
[2015-09-06 19:17:19] [info]  Commons Daemon procrun finished
[2015-09-06 19:33:40] [info]  Commons Daemon procrun (1.0.7.0 32-bit) started
[2015-09-06 19:33:41] [info]  Running 'Tomcat7' Service...
[2015-09-06 19:33:41] [info]  Starting service...
[2015-09-06 19:33:51] [info]  Service started in 9546 ms.
[2015-09-06 20:35:53] [info]  Console LOGOFF event signaled
[2015-09-06 20:35:57] [info]  Console LOGOFF event signaled
[2015-09-06 20:35:58] [info]  Console SHUTDOWN event signaled
[2015-09-06 20:35:59] [info]  Stopping service...
[2015-09-06 20:36:01] [info]  Service stopped.
[2015-09-06 20:36:01] [info]  Run service finished.
[2015-09-06 20:36:01] [info]  Commons Daemon procrun finished
