[2015-09-07 07:41:51] [info]  Commons Daemon procrun (1.0.7.0 32-bit) started
[2015-09-07 07:41:52] [info]  Running 'Tomcat7' Service...
[2015-09-07 07:41:52] [info]  Starting service...
[2015-09-07 07:42:05] [info]  Service started in 12156 ms.
[2015-09-07 17:19:28] [info]  Console LOGOFF event signaled
[2015-09-07 17:19:33] [info]  Console LOGOFF event signaled
[2015-09-07 17:19:35] [info]  Console SHUTDOWN event signaled
[2015-09-07 17:19:35] [info]  Stopping service...
[2015-09-07 17:19:38] [info]  Service stopped.
[2015-09-07 17:19:38] [info]  Run service finished.
[2015-09-07 17:19:38] [info]  Commons Daemon procrun finished
[2015-09-07 19:23:57] [info]  Commons Daemon procrun (1.0.7.0 32-bit) started
[2015-09-07 19:23:59] [info]  Running 'Tomcat7' Service...
[2015-09-07 19:23:59] [info]  Starting service...
[2015-09-07 19:24:11] [info]  Service started in 11875 ms.
[2015-09-07 19:59:45] [info]  Commons Daemon procrun (1.0.7.0 32-bit) started
[2015-09-07 19:59:47] [info]  Running 'Tomcat7' Service...
[2015-09-07 19:59:47] [info]  Starting service...
[2015-09-07 20:00:00] [info]  Service started in 13203 ms.
[2015-09-07 20:08:04] [info]  Commons Daemon procrun (1.0.7.0 32-bit) started
[2015-09-07 20:08:05] [info]  Running 'Tomcat7' Service...
[2015-09-07 20:08:05] [info]  Starting service...
[2015-09-07 20:08:15] [info]  Service started in 9968 ms.
