[2015-03-24 07:35:05] [info]  Commons Daemon procrun (1.0.7.0 32-bit) started
[2015-03-24 07:35:05] [info]  Running 'Tomcat7' Service...
[2015-03-24 07:35:07] [info]  Starting service...
[2015-03-24 07:35:19] [info]  Service started in 10031 ms.
[2015-03-24 17:05:25] [info]  Console LOGOFF event signaled
[2015-03-24 17:06:21] [info]  Console LOGOFF event signaled
[2015-03-24 17:07:31] [info]  Console LOGOFF event signaled
[2015-03-24 17:07:39] [info]  Console SHUTDOWN event signaled
[2015-03-24 17:07:39] [info]  Stopping service...
[2015-03-24 17:07:42] [info]  Service stopped.
[2015-03-24 17:07:42] [info]  Run service finished.
[2015-03-24 17:07:42] [info]  Commons Daemon procrun finished
[2015-03-24 17:35:56] [info]  Commons Daemon procrun (1.0.7.0 32-bit) started
[2015-03-24 17:35:58] [info]  Running 'Tomcat7' Service...
[2015-03-24 17:36:01] [info]  Starting service...
[2015-03-24 17:36:12] [info]  Service started in 10953 ms.
[2015-03-24 18:18:08] [info]  Console LOGOFF event signaled
[2015-03-24 18:18:14] [info]  Console LOGOFF event signaled
[2015-03-24 18:18:22] [info]  Console SHUTDOWN event signaled
[2015-03-24 18:18:22] [info]  Stopping service...
[2015-03-24 18:18:24] [info]  Service stopped.
[2015-03-24 18:18:24] [info]  Run service finished.
[2015-03-24 18:18:24] [info]  Commons Daemon procrun finished
