[2015-05-21 07:37:58] [info]  Commons Daemon procrun (1.0.7.0 32-bit) started
[2015-05-21 07:38:01] [info]  Running 'Tomcat7' Service...
[2015-05-21 07:38:01] [info]  Starting service...
[2015-05-21 07:38:14] [info]  Service started in 13531 ms.
[2015-05-21 07:40:11] [info]  Console LOGOFF event signaled
[2015-05-21 07:40:19] [info]  Console LOGOFF event signaled
[2015-05-21 07:41:55] [info]  Commons Daemon procrun (1.0.7.0 32-bit) started
[2015-05-21 07:41:56] [info]  Running 'Tomcat7' Service...
[2015-05-21 07:41:58] [info]  Starting service...
[2015-05-21 07:42:07] [info]  Service started in 8843 ms.
[2015-05-21 07:46:26] [info]  Commons Daemon procrun (1.0.7.0 32-bit) started
[2015-05-21 07:46:26] [info]  Running 'Tomcat7' Service...
[2015-05-21 07:46:26] [info]  Starting service...
[2015-05-21 07:46:41] [info]  Service started in 14000 ms.
[2015-05-21 17:18:16] [info]  Console LOGOFF event signaled
[2015-05-21 17:18:21] [info]  Console LOGOFF event signaled
[2015-05-21 17:18:30] [info]  Console SHUTDOWN event signaled
[2015-05-21 17:18:30] [info]  Stopping service...
[2015-05-21 17:18:33] [info]  Service stopped.
[2015-05-21 17:18:33] [info]  Run service finished.
[2015-05-21 17:18:33] [info]  Commons Daemon procrun finished
