[2015-04-02 07:09:24] [info]  Commons Daemon procrun (1.0.7.0 32-bit) started
[2015-04-02 07:09:24] [info]  Running 'Tomcat7' Service...
[2015-04-02 07:09:24] [info]  Starting service...
[2015-04-02 07:09:35] [info]  Service started in 10906 ms.
[2015-04-02 16:04:30] [info]  Console LOGOFF event signaled
[2015-04-02 16:04:36] [info]  Console LOGOFF event signaled
[2015-04-02 16:04:45] [info]  Console SHUTDOWN event signaled
[2015-04-02 16:04:45] [info]  Stopping service...
[2015-04-02 16:04:47] [info]  Service stopped.
[2015-04-02 16:04:47] [info]  Run service finished.
[2015-04-02 16:04:47] [info]  Commons Daemon procrun finished
[2015-04-02 16:05:55] [info]  Commons Daemon procrun (1.0.7.0 32-bit) started
[2015-04-02 16:05:55] [info]  Running 'Tomcat7' Service...
[2015-04-02 16:05:55] [info]  Starting service...
[2015-04-02 16:06:13] [info]  Service started in 17609 ms.
[2015-04-02 17:15:26] [info]  Console LOGOFF event signaled
[2015-04-02 17:15:30] [info]  Console LOGOFF event signaled
[2015-04-02 17:15:39] [info]  Console SHUTDOWN event signaled
[2015-04-02 17:15:39] [info]  Stopping service...
[2015-04-02 17:15:42] [info]  Service stopped.
[2015-04-02 17:15:42] [info]  Run service finished.
[2015-04-02 17:15:42] [info]  Commons Daemon procrun finished
