[2015-04-16 07:35:55] [info]  Commons Daemon procrun (1.0.7.0 32-bit) started
[2015-04-16 07:35:57] [info]  Running 'Tomcat7' Service...
[2015-04-16 07:35:57] [info]  Starting service...
[2015-04-16 07:36:11] [info]  Service started in 14687 ms.
[2015-04-16 17:08:20] [info]  Console LOGOFF event signaled
[2015-04-16 17:08:27] [info]  Console LOGOFF event signaled
[2015-04-16 17:08:34] [info]  Console SHUTDOWN event signaled
[2015-04-16 17:08:34] [info]  Stopping service...
[2015-04-16 17:08:37] [info]  Service stopped.
[2015-04-16 17:08:37] [info]  Run service finished.
[2015-04-16 17:08:37] [info]  Commons Daemon procrun finished
[2015-04-16 17:17:33] [info]  Commons Daemon procrun (1.0.7.0 32-bit) started
[2015-04-16 17:17:34] [info]  Running 'Tomcat7' Service...
[2015-04-16 17:17:34] [info]  Starting service...
[2015-04-16 17:17:46] [info]  Service started in 11140 ms.
[2015-04-16 17:21:00] [info]  Console LOGOFF event signaled
[2015-04-16 17:21:05] [info]  Console LOGOFF event signaled
[2015-04-16 17:21:06] [info]  Console SHUTDOWN event signaled
[2015-04-16 17:21:06] [info]  Stopping service...
[2015-04-16 17:21:08] [info]  Service stopped.
[2015-04-16 17:21:08] [info]  Run service finished.
[2015-04-16 17:21:09] [info]  Commons Daemon procrun finished
