[2015-01-19 07:39:06] [info]  Commons Daemon procrun (1.0.7.0 32-bit) started
[2015-01-19 07:39:07] [info]  Running 'Tomcat7' Service...
[2015-01-19 07:39:08] [info]  Starting service...
[2015-01-19 07:39:32] [info]  Service started in 24531 ms.
[2015-01-19 07:54:38] [info]  Console LOGOFF event signaled
[2015-01-19 07:54:42] [info]  Console LOGOFF event signaled
[2015-01-19 07:54:44] [info]  Console SHUTDOWN event signaled
[2015-01-19 07:54:44] [info]  Stopping service...
[2015-01-19 07:54:47] [info]  Service stopped.
[2015-01-19 07:54:47] [info]  Run service finished.
[2015-01-19 07:54:47] [info]  Commons Daemon procrun finished
[2015-01-19 07:55:57] [info]  Commons Daemon procrun (1.0.7.0 32-bit) started
[2015-01-19 07:55:57] [info]  Running 'Tomcat7' Service...
[2015-01-19 07:55:57] [info]  Starting service...
[2015-01-19 07:56:13] [info]  Service started in 16046 ms.
[2015-01-19 08:04:39] [info]  Commons Daemon procrun (1.0.7.0 32-bit) started
[2015-01-19 08:04:40] [info]  Running 'Tomcat7' Service...
[2015-01-19 08:04:40] [info]  Starting service...
[2015-01-19 08:04:56] [info]  Service started in 15500 ms.
[2015-01-19 09:08:45] [info]  Stopping service...
[2015-01-19 09:08:50] [info]  Service stopped.
[2015-01-19 09:08:50] [info]  Run service finished.
[2015-01-19 09:08:50] [info]  Commons Daemon procrun finished
[2015-01-19 17:11:24] [info]  Commons Daemon procrun (1.0.7.0 32-bit) started
[2015-01-19 17:11:25] [info]  Running 'Tomcat7' Service...
[2015-01-19 17:11:26] [info]  Starting service...
[2015-01-19 17:11:49] [info]  Service started in 22718 ms.
[2015-01-19 17:27:14] [info]  Console LOGOFF event signaled
[2015-01-19 17:27:21] [info]  Console LOGOFF event signaled
[2015-01-19 17:27:23] [info]  Console SHUTDOWN event signaled
[2015-01-19 17:27:23] [info]  Stopping service...
[2015-01-19 17:27:25] [info]  Service stopped.
[2015-01-19 17:27:25] [info]  Run service finished.
[2015-01-19 17:27:25] [info]  Commons Daemon procrun finished
[2015-01-19 18:42:59] [info]  Commons Daemon procrun (1.0.7.0 32-bit) started
[2015-01-19 18:43:00] [info]  Running 'Tomcat7' Service...
[2015-01-19 18:43:00] [info]  Starting service...
[2015-01-19 18:43:13] [info]  Service started in 12703 ms.
