[2015-02-09 07:40:16] [info]  Commons Daemon procrun (1.0.7.0 32-bit) started
[2015-02-09 07:40:16] [info]  Running 'Tomcat7' Service...
[2015-02-09 07:40:16] [info]  Starting service...
[2015-02-09 07:40:32] [info]  Service started in 15750 ms.
[2015-02-09 17:26:54] [info]  Console LOGOFF event signaled
[2015-02-09 17:26:59] [info]  Console LOGOFF event signaled
[2015-02-09 17:27:00] [info]  Console SHUTDOWN event signaled
[2015-02-09 17:27:00] [info]  Stopping service...
[2015-02-09 17:27:03] [info]  Service stopped.
[2015-02-09 17:27:03] [info]  Run service finished.
[2015-02-09 17:27:03] [info]  Commons Daemon procrun finished
[2015-02-09 18:01:56] [info]  Commons Daemon procrun (1.0.7.0 32-bit) started
[2015-02-09 18:01:58] [info]  Running 'Tomcat7' Service...
[2015-02-09 18:01:58] [info]  Starting service...
[2015-02-09 18:02:12] [info]  Service started in 13765 ms.
[2015-02-09 18:27:25] [info]  Console LOGOFF event signaled
[2015-02-09 18:27:31] [info]  Console LOGOFF event signaled
[2015-02-09 18:27:38] [info]  Console SHUTDOWN event signaled
[2015-02-09 18:27:38] [info]  Stopping service...
[2015-02-09 18:27:41] [info]  Service stopped.
[2015-02-09 18:27:41] [info]  Run service finished.
[2015-02-09 18:27:41] [info]  Commons Daemon procrun finished
