[2015-02-13 07:39:47] [info]  Commons Daemon procrun (1.0.7.0 32-bit) started
[2015-02-13 07:39:49] [info]  Running 'Tomcat7' Service...
[2015-02-13 07:39:49] [info]  Starting service...
[2015-02-13 07:40:01] [info]  Service started in 12390 ms.
[2015-02-13 08:00:17] [info]  Console LOGOFF event signaled
[2015-02-13 08:00:22] [info]  Console LOGOFF event signaled
[2015-02-13 08:00:23] [info]  Console SHUTDOWN event signaled
[2015-02-13 08:00:23] [info]  Stopping service...
[2015-02-13 08:00:25] [info]  Service stopped.
[2015-02-13 08:00:25] [info]  Run service finished.
[2015-02-13 08:00:25] [info]  Commons Daemon procrun finished
[2015-02-13 08:01:46] [info]  Commons Daemon procrun (1.0.7.0 32-bit) started
[2015-02-13 08:01:47] [info]  Running 'Tomcat7' Service...
[2015-02-13 08:01:47] [info]  Starting service...
[2015-02-13 08:01:54] [info]  Service started in 7000 ms.
[2015-02-13 09:08:06] [info]  Console LOGOFF event signaled
[2015-02-13 09:08:10] [info]  Console LOGOFF event signaled
[2015-02-13 09:08:18] [info]  Console SHUTDOWN event signaled
[2015-02-13 09:08:18] [info]  Stopping service...
[2015-02-13 09:08:21] [info]  Service stopped.
[2015-02-13 09:08:21] [info]  Run service finished.
[2015-02-13 09:08:21] [info]  Commons Daemon procrun finished
[2015-02-13 10:24:15] [info]  Commons Daemon procrun (1.0.7.0 32-bit) started
[2015-02-13 10:24:16] [info]  Running 'Tomcat7' Service...
[2015-02-13 10:24:17] [info]  Starting service...
[2015-02-13 10:24:37] [info]  Service started in 20250 ms.
[2015-02-13 17:20:52] [info]  Console LOGOFF event signaled
[2015-02-13 17:20:57] [info]  Console LOGOFF event signaled
[2015-02-13 17:20:59] [info]  Console SHUTDOWN event signaled
[2015-02-13 17:20:59] [info]  Stopping service...
[2015-02-13 17:21:01] [info]  Service stopped.
[2015-02-13 17:21:01] [info]  Run service finished.
[2015-02-13 17:21:01] [info]  Commons Daemon procrun finished
