[2015-04-26 08:16:46] [info]  Commons Daemon procrun (1.0.7.0 32-bit) started
[2015-04-26 08:16:47] [info]  Running 'Tomcat7' Service...
[2015-04-26 08:16:47] [info]  Starting service...
[2015-04-26 08:16:56] [info]  Service started in 9109 ms.
[2015-04-26 12:35:54] [info]  Console LOGOFF event signaled
[2015-04-26 12:35:58] [info]  Console LOGOFF event signaled
[2015-04-26 12:36:09] [info]  Console SHUTDOWN event signaled
[2015-04-26 12:36:09] [info]  Stopping service...
[2015-04-26 12:36:11] [info]  Service stopped.
[2015-04-26 12:36:11] [info]  Run service finished.
[2015-04-26 12:36:11] [info]  Commons Daemon procrun finished
[2015-04-26 12:46:43] [info]  Commons Daemon procrun (1.0.7.0 32-bit) started
[2015-04-26 12:46:45] [info]  Running 'Tomcat7' Service...
[2015-04-26 12:46:48] [info]  Starting service...
[2015-04-26 12:47:02] [info]  Service started in 13890 ms.
[2015-04-26 13:29:22] [info]  Console LOGOFF event signaled
[2015-04-26 13:29:27] [info]  Console LOGOFF event signaled
[2015-04-26 13:29:29] [info]  Console SHUTDOWN event signaled
[2015-04-26 13:29:29] [info]  Stopping service...
[2015-04-26 13:29:31] [info]  Service stopped.
[2015-04-26 13:29:31] [info]  Run service finished.
[2015-04-26 13:29:31] [info]  Commons Daemon procrun finished
