[2015-04-21 07:38:58] [info]  Commons Daemon procrun (1.0.7.0 32-bit) started
[2015-04-21 07:38:58] [info]  Running 'Tomcat7' Service...
[2015-04-21 07:39:00] [info]  Starting service...
[2015-04-21 07:39:11] [info]  Service started in 10578 ms.
[2015-04-21 17:26:00] [info]  Console LOGOFF event signaled
[2015-04-21 17:26:05] [info]  Console LOGOFF event signaled
[2015-04-21 17:26:14] [info]  Console SHUTDOWN event signaled
[2015-04-21 17:26:14] [info]  Stopping service...
[2015-04-21 17:26:17] [info]  Service stopped.
[2015-04-21 17:26:17] [info]  Run service finished.
[2015-04-21 17:26:17] [info]  Commons Daemon procrun finished
[2015-04-21 18:13:41] [info]  Commons Daemon procrun (1.0.7.0 32-bit) started
[2015-04-21 18:13:42] [info]  Running 'Tomcat7' Service...
[2015-04-21 18:13:42] [info]  Starting service...
[2015-04-21 18:13:53] [info]  Service started in 10468 ms.
[2015-04-21 19:22:00] [info]  Console LOGOFF event signaled
[2015-04-21 19:22:05] [info]  Console LOGOFF event signaled
[2015-04-21 19:22:14] [info]  Console SHUTDOWN event signaled
[2015-04-21 19:22:14] [info]  Stopping service...
[2015-04-21 19:22:16] [info]  Service stopped.
[2015-04-21 19:22:16] [info]  Run service finished.
[2015-04-21 19:22:16] [info]  Commons Daemon procrun finished
