[2015-01-09 07:40:47] [info]  Commons Daemon procrun (1.0.7.0 32-bit) started
[2015-01-09 07:40:48] [info]  Running 'Tomcat7' Service...
[2015-01-09 07:40:48] [info]  Starting service...
[2015-01-09 07:41:01] [info]  Service started in 13546 ms.
[2015-01-09 07:43:27] [info]  Commons Daemon procrun (1.0.7.0 32-bit) started
[2015-01-09 07:43:28] [info]  Running 'Tomcat7' Service...
[2015-01-09 07:43:28] [info]  Starting service...
[2015-01-09 07:43:38] [info]  Service started in 10421 ms.
[2015-01-09 07:54:02] [info]  Stopping service...
[2015-01-09 07:54:04] [info]  Service stopped.
[2015-01-09 07:54:04] [info]  Run service finished.
[2015-01-09 07:54:04] [info]  Commons Daemon procrun finished
[2015-01-09 08:23:00] [info]  Commons Daemon procrun (1.0.7.0 32-bit) started
[2015-01-09 08:23:00] [info]  Running 'Tomcat7' Service...
[2015-01-09 08:23:00] [info]  Starting service...
[2015-01-09 08:23:01] [info]  Service started in 1734 ms.
[2015-01-09 08:23:08] [info]  Stopping service...
[2015-01-09 08:23:11] [info]  Service stopped.
[2015-01-09 08:23:11] [info]  Run service finished.
[2015-01-09 08:23:11] [info]  Commons Daemon procrun finished
[2015-01-09 13:43:37] [info]  Commons Daemon procrun (1.0.7.0 32-bit) started
[2015-01-09 13:43:37] [info]  Running 'Tomcat7' Service...
[2015-01-09 13:43:37] [info]  Starting service...
[2015-01-09 13:43:39] [info]  Service started in 1328 ms.
[2015-01-09 18:01:03] [info]  Console LOGOFF event signaled
[2015-01-09 18:01:07] [info]  Console LOGOFF event signaled
[2015-01-09 18:01:16] [info]  Console SHUTDOWN event signaled
[2015-01-09 18:01:16] [info]  Stopping service...
[2015-01-09 18:01:19] [info]  Service stopped.
[2015-01-09 18:01:19] [info]  Run service finished.
[2015-01-09 18:01:19] [info]  Commons Daemon procrun finished
[2015-01-09 20:31:17] [info]  Commons Daemon procrun (1.0.7.0 32-bit) started
[2015-01-09 20:31:18] [info]  Running 'Tomcat7' Service...
[2015-01-09 20:31:19] [info]  Starting service...
[2015-01-09 20:31:32] [info]  Service started in 13640 ms.
[2015-01-10 01:11:03] [info]  Stopping service...
[2015-01-10 01:11:05] [info]  Service stopped.
[2015-01-10 01:11:05] [info]  Run service finished.
[2015-01-10 01:11:05] [info]  Commons Daemon procrun finished
