[2015-04-08 07:34:49] [info]  Commons Daemon procrun (1.0.7.0 32-bit) started
[2015-04-08 07:34:50] [info]  Running 'Tomcat7' Service...
[2015-04-08 07:34:50] [info]  Starting service...
[2015-04-08 07:35:04] [info]  Service started in 13562 ms.
[2015-04-08 08:08:51] [info]  Stopping service...
[2015-04-08 08:08:54] [info]  Service stopped.
[2015-04-08 08:08:54] [info]  Run service finished.
[2015-04-08 08:08:54] [info]  Commons Daemon procrun finished
[2015-04-08 08:08:59] [info]  Commons Daemon procrun (1.0.7.0 32-bit) started
[2015-04-08 08:08:59] [info]  Running 'Tomcat7' Service...
[2015-04-08 08:08:59] [info]  Starting service...
[2015-04-08 08:09:01] [info]  Service started in 2218 ms.
[2015-04-08 17:08:46] [info]  Console LOGOFF event signaled
[2015-04-08 17:08:50] [info]  Console LOGOFF event signaled
[2015-04-08 17:09:00] [info]  Console SHUTDOWN event signaled
[2015-04-08 17:09:00] [info]  Stopping service...
[2015-04-08 17:09:03] [info]  Service stopped.
[2015-04-08 17:09:03] [info]  Run service finished.
[2015-04-08 17:09:03] [info]  Commons Daemon procrun finished
[2015-04-08 18:23:51] [info]  Commons Daemon procrun (1.0.7.0 32-bit) started
[2015-04-08 18:23:52] [info]  Running 'Tomcat7' Service...
[2015-04-08 18:23:52] [info]  Starting service...
[2015-04-08 18:24:04] [info]  Service started in 11687 ms.
[2015-04-08 20:20:59] [info]  Console LOGOFF event signaled
[2015-04-08 20:21:04] [info]  Console LOGOFF event signaled
[2015-04-08 20:21:12] [info]  Console SHUTDOWN event signaled
[2015-04-08 20:21:12] [info]  Stopping service...
[2015-04-08 20:21:15] [info]  Service stopped.
[2015-04-08 20:21:15] [info]  Run service finished.
[2015-04-08 20:21:15] [info]  Commons Daemon procrun finished
