[2015-07-06 07:40:28] [info]  Commons Daemon procrun (1.0.7.0 32-bit) started
[2015-07-06 07:40:29] [info]  Running 'Tomcat7' Service...
[2015-07-06 07:40:29] [info]  Starting service...
[2015-07-06 07:40:46] [info]  Service started in 16921 ms.
[2015-07-06 17:32:25] [info]  Console LOGOFF event signaled
[2015-07-06 17:32:32] [info]  Console LOGOFF event signaled
[2015-07-06 17:32:40] [info]  Console SHUTDOWN event signaled
[2015-07-06 17:32:40] [info]  Stopping service...
[2015-07-06 17:32:43] [info]  Service stopped.
[2015-07-06 17:32:43] [info]  Run service finished.
[2015-07-06 17:32:43] [info]  Commons Daemon procrun finished
[2015-07-06 20:02:29] [info]  Commons Daemon procrun (1.0.7.0 32-bit) started
[2015-07-06 20:02:31] [info]  Running 'Tomcat7' Service...
[2015-07-06 20:02:32] [info]  Starting service...
[2015-07-06 20:02:46] [info]  Service started in 13593 ms.
[2015-07-06 20:08:17] [info]  Console LOGOFF event signaled
[2015-07-06 20:08:21] [info]  Console LOGOFF event signaled
[2015-07-06 20:08:23] [info]  Console SHUTDOWN event signaled
[2015-07-06 20:08:23] [info]  Stopping service...
[2015-07-06 20:08:25] [info]  Service stopped.
[2015-07-06 20:08:25] [info]  Run service finished.
[2015-07-06 20:08:25] [info]  Commons Daemon procrun finished
