[2015-06-25 07:36:02] [info]  Commons Daemon procrun (1.0.7.0 32-bit) started
[2015-06-25 07:36:03] [info]  Running 'Tomcat7' Service...
[2015-06-25 07:36:03] [info]  Starting service...
[2015-06-25 07:36:17] [info]  Service started in 13906 ms.
[2015-06-25 17:56:32] [info]  Console LOGOFF event signaled
[2015-06-25 17:56:37] [info]  Console LOGOFF event signaled
[2015-06-25 17:56:47] [info]  Console SHUTDOWN event signaled
[2015-06-25 17:56:47] [info]  Stopping service...
[2015-06-25 17:56:49] [info]  Service stopped.
[2015-06-25 17:56:49] [info]  Run service finished.
[2015-06-25 17:56:49] [info]  Commons Daemon procrun finished
[2015-06-25 18:25:47] [info]  Commons Daemon procrun (1.0.7.0 32-bit) started
[2015-06-25 18:25:48] [info]  Running 'Tomcat7' Service...
[2015-06-25 18:25:48] [info]  Starting service...
[2015-06-25 18:25:58] [info]  Service started in 9875 ms.
[2015-06-25 18:32:49] [info]  Console LOGOFF event signaled
[2015-06-25 18:32:53] [info]  Console LOGOFF event signaled
[2015-06-25 18:32:54] [info]  Console SHUTDOWN event signaled
[2015-06-25 18:32:54] [info]  Stopping service...
[2015-06-25 18:32:57] [info]  Service stopped.
[2015-06-25 18:32:57] [info]  Run service finished.
[2015-06-25 18:32:57] [info]  Commons Daemon procrun finished
