
2015-01-16 07:39:56 Commons Daemon procrun stderr initialized
log4j:WARN No appenders could be found for logger (org.springframework.web.filter.CharacterEncodingFilter).
log4j:WARN Please initialize the log4j system properly.
log4j:WARN See http://logging.apache.org/log4j/1.2/faq.html#noconfig for more info.
org.hibernate.SessionException: Session is closed!
	at org.hibernate.impl.AbstractSessionImpl.errorIfClosed(AbstractSessionImpl.java:49)
	at org.hibernate.impl.SessionImpl.fireLoad(SessionImpl.java:874)
	at org.hibernate.impl.SessionImpl.get(SessionImpl.java:815)
	at org.hibernate.impl.SessionImpl.get(SessionImpl.java:808)
	at com.pn.dao.base.impl.GenericDAOImpl.loadById(GenericDAOImpl.java:38)
	at com.pn.service.commentCustomer.CommentCustomerServiceImpl.getCommentCustomerById(CommentCustomerServiceImpl.java:33)
	at sun.reflect.NativeMethodAccessorImpl.invoke0(Native Method)
	at sun.reflect.NativeMethodAccessorImpl.invoke(Unknown Source)
	at sun.reflect.DelegatingMethodAccessorImpl.invoke(Unknown Source)
	at java.lang.reflect.Method.invoke(Unknown Source)
	at org.springframework.aop.support.AopUtils.invokeJoinpointUsingReflection(AopUtils.java:309)
	at org.springframework.aop.framework.JdkDynamicAopProxy.invoke(JdkDynamicAopProxy.java:196)
	at $Proxy22.getCommentCustomerById(Unknown Source)
	at com.pn.view.commentCustomer.controller.CommentCustomerController.retriveComment(CommentCustomerController.java:129)
	at sun.reflect.NativeMethodAccessorImpl.invoke0(Native Method)
	at sun.reflect.NativeMethodAccessorImpl.invoke(Unknown Source)
	at sun.reflect.DelegatingMethodAccessorImpl.invoke(Unknown Source)
	at java.lang.reflect.Method.invoke(Unknown Source)
	at org.springframework.web.bind.annotation.support.HandlerMethodInvoker.invokeHandlerMethod(HandlerMethodInvoker.java:176)
	at org.springframework.web.servlet.mvc.annotation.AnnotationMethodHandlerAdapter.invokeHandlerMethod(AnnotationMethodHandlerAdapter.java:426)
	at org.springframework.web.servlet.mvc.annotation.AnnotationMethodHandlerAdapter.handle(AnnotationMethodHandlerAdapter.java:414)
	at org.springframework.web.servlet.DispatcherServlet.doDispatch(DispatcherServlet.java:790)
	at org.springframework.web.servlet.DispatcherServlet.doService(DispatcherServlet.java:719)
	at org.springframework.web.servlet.FrameworkServlet.processRequest(FrameworkServlet.java:644)
	at org.springframework.web.servlet.FrameworkServlet.doGet(FrameworkServlet.java:549)
	at javax.servlet.http.HttpServlet.service(HttpServlet.java:621)
	at javax.servlet.http.HttpServlet.service(HttpServlet.java:722)
	at org.apache.catalina.core.ApplicationFilterChain.internalDoFilter(ApplicationFilterChain.java:304)
	at org.apache.catalina.core.ApplicationFilterChain.doFilter(ApplicationFilterChain.java:210)
	at org.springframework.web.filter.CharacterEncodingFilter.doFilterInternal(CharacterEncodingFilter.java:88)
	at org.springframework.web.filter.OncePerRequestFilter.doFilter(OncePerRequestFilter.java:76)
	at org.apache.catalina.core.ApplicationFilterChain.internalDoFilter(ApplicationFilterChain.java:243)
	at org.apache.catalina.core.ApplicationFilterChain.doFilter(ApplicationFilterChain.java:210)
	at org.apache.catalina.core.StandardWrapperValve.invoke(StandardWrapperValve.java:224)
	at org.apache.catalina.core.StandardContextValve.invoke(StandardContextValve.java:169)
	at org.apache.catalina.authenticator.AuthenticatorBase.invoke(AuthenticatorBase.java:472)
	at org.apache.catalina.core.StandardHostValve.invoke(StandardHostValve.java:168)
	at org.apache.catalina.valves.ErrorReportValve.invoke(ErrorReportValve.java:100)
	at org.apache.catalina.valves.AccessLogValve.invoke(AccessLogValve.java:929)
	at org.apache.catalina.core.StandardEngineValve.invoke(StandardEngineValve.java:118)
	at org.apache.catalina.connector.CoyoteAdapter.service(CoyoteAdapter.java:405)
	at org.apache.coyote.http11.AbstractHttp11Processor.process(AbstractHttp11Processor.java:964)
	at org.apache.coyote.AbstractProtocol$AbstractConnectionHandler.process(AbstractProtocol.java:515)
	at org.apache.tomcat.util.net.JIoEndpoint$SocketProcessor.run(JIoEndpoint.java:304)
	at java.util.concurrent.ThreadPoolExecutor$Worker.runTask(Unknown Source)
	at java.util.concurrent.ThreadPoolExecutor$Worker.run(Unknown Source)
	at java.lang.Thread.run(Unknown Source)
org.hibernate.SessionException: Session is closed!
	at org.hibernate.impl.AbstractSessionImpl.errorIfClosed(AbstractSessionImpl.java:49)
	at org.hibernate.impl.SessionImpl.getBatcher(SessionImpl.java:260)
	at org.hibernate.loader.Loader.getResultSet(Loader.java:1787)
	at org.hibernate.loader.Loader.doQuery(Loader.java:674)
	at org.hibernate.loader.Loader.doQueryAndInitializeNonLazyCollections(Loader.java:236)
	at org.hibernate.loader.Loader.loadEntity(Loader.java:1860)
	at org.hibernate.loader.entity.AbstractEntityLoader.load(AbstractEntityLoader.java:48)
	at org.hibernate.loader.entity.AbstractEntityLoader.load(AbstractEntityLoader.java:42)
	at org.hibernate.persister.entity.AbstractEntityPersister.load(AbstractEntityPersister.java:3049)
	at org.hibernate.event.def.DefaultLoadEventListener.loadFromDatasource(DefaultLoadEventListener.java:399)
	at org.hibernate.event.def.DefaultLoadEventListener.doLoad(DefaultLoadEventListener.java:375)
	at org.hibernate.event.def.DefaultLoadEventListener.load(DefaultLoadEventListener.java:139)
	at org.hibernate.event.def.DefaultLoadEventListener.proxyOrLoad(DefaultLoadEventListener.java:195)
	at org.hibernate.event.def.DefaultLoadEventListener.onLoad(DefaultLoadEventListener.java:103)
	at org.hibernate.impl.SessionImpl.fireLoad(SessionImpl.java:878)
	at org.hibernate.impl.SessionImpl.get(SessionImpl.java:815)
	at org.hibernate.impl.SessionImpl.get(SessionImpl.java:808)
	at com.pn.dao.base.impl.GenericDAOImpl.loadById(GenericDAOImpl.java:38)
	at com.pn.service.commentCustomer.CommentCustomerServiceImpl.getCommentCustomerById(CommentCustomerServiceImpl.java:33)
	at sun.reflect.NativeMethodAccessorImpl.invoke0(Native Method)
	at sun.reflect.NativeMethodAccessorImpl.invoke(Unknown Source)
	at sun.reflect.DelegatingMethodAccessorImpl.invoke(Unknown Source)
	at java.lang.reflect.Method.invoke(Unknown Source)
	at org.springframework.aop.support.AopUtils.invokeJoinpointUsingReflection(AopUtils.java:309)
	at org.springframework.aop.framework.JdkDynamicAopProxy.invoke(JdkDynamicAopProxy.java:196)
	at $Proxy22.getCommentCustomerById(Unknown Source)
	at com.pn.view.commentCustomer.controller.CommentCustomerController.retriveComment(CommentCustomerController.java:129)
	at sun.reflect.NativeMethodAccessorImpl.invoke0(Native Method)
	at sun.reflect.NativeMethodAccessorImpl.invoke(Unknown Source)
	at sun.reflect.DelegatingMethodAccessorImpl.invoke(Unknown Source)
	at java.lang.reflect.Method.invoke(Unknown Source)
	at org.springframework.web.bind.annotation.support.HandlerMethodInvoker.invokeHandlerMethod(HandlerMethodInvoker.java:176)
	at org.springframework.web.servlet.mvc.annotation.AnnotationMethodHandlerAdapter.invokeHandlerMethod(AnnotationMethodHandlerAdapter.java:426)
	at org.springframework.web.servlet.mvc.annotation.AnnotationMethodHandlerAdapter.handle(AnnotationMethodHandlerAdapter.java:414)
	at org.springframework.web.servlet.DispatcherServlet.doDispatch(DispatcherServlet.java:790)
	at org.springframework.web.servlet.DispatcherServlet.doService(DispatcherServlet.java:719)
	at org.springframework.web.servlet.FrameworkServlet.processRequest(FrameworkServlet.java:644)
	at org.springframework.web.servlet.FrameworkServlet.doGet(FrameworkServlet.java:549)
	at javax.servlet.http.HttpServlet.service(HttpServlet.java:621)
	at javax.servlet.http.HttpServlet.service(HttpServlet.java:722)
	at org.apache.catalina.core.ApplicationFilterChain.internalDoFilter(ApplicationFilterChain.java:304)
	at org.apache.catalina.core.ApplicationFilterChain.doFilter(ApplicationFilterChain.java:210)
	at org.springframework.web.filter.CharacterEncodingFilter.doFilterInternal(CharacterEncodingFilter.java:88)
	at org.springframework.web.filter.OncePerRequestFilter.doFilter(OncePerRequestFilter.java:76)
	at org.apache.catalina.core.ApplicationFilterChain.internalDoFilter(ApplicationFilterChain.java:243)
	at org.apache.catalina.core.ApplicationFilterChain.doFilter(ApplicationFilterChain.java:210)
	at org.apache.catalina.core.StandardWrapperValve.invoke(StandardWrapperValve.java:224)
	at org.apache.catalina.core.StandardContextValve.invoke(StandardContextValve.java:169)
	at org.apache.catalina.authenticator.AuthenticatorBase.invoke(AuthenticatorBase.java:472)
	at org.apache.catalina.core.StandardHostValve.invoke(StandardHostValve.java:168)
	at org.apache.catalina.valves.ErrorReportValve.invoke(ErrorReportValve.java:100)
	at org.apache.catalina.valves.AccessLogValve.invoke(AccessLogValve.java:929)
	at org.apache.catalina.core.StandardEngineValve.invoke(StandardEngineValve.java:118)
	at org.apache.catalina.connector.CoyoteAdapter.service(CoyoteAdapter.java:405)
	at org.apache.coyote.http11.AbstractHttp11Processor.process(AbstractHttp11Processor.java:964)
	at org.apache.coyote.AbstractProtocol$AbstractConnectionHandler.process(AbstractProtocol.java:515)
	at org.apache.tomcat.util.net.JIoEndpoint$SocketProcessor.run(JIoEndpoint.java:304)
	at java.util.concurrent.ThreadPoolExecutor$Worker.runTask(Unknown Source)
	at java.util.concurrent.ThreadPoolExecutor$Worker.run(Unknown Source)
	at java.lang.Thread.run(Unknown Source)
org.hibernate.SessionException: Session is closed!
	at org.hibernate.impl.AbstractSessionImpl.errorIfClosed(AbstractSessionImpl.java:49)
	at org.hibernate.impl.SessionImpl.getBatcher(SessionImpl.java:260)
	at org.hibernate.loader.Loader.getResultSet(Loader.java:1787)
	at org.hibernate.loader.Loader.doQuery(Loader.java:674)
	at org.hibernate.loader.Loader.doQueryAndInitializeNonLazyCollections(Loader.java:236)
	at org.hibernate.loader.Loader.loadEntity(Loader.java:1860)
	at org.hibernate.loader.entity.AbstractEntityLoader.load(AbstractEntityLoader.java:48)
	at org.hibernate.loader.entity.AbstractEntityLoader.load(AbstractEntityLoader.java:42)
	at org.hibernate.persister.entity.AbstractEntityPersister.load(AbstractEntityPersister.java:3049)
	at org.hibernate.event.def.DefaultLoadEventListener.loadFromDatasource(DefaultLoadEventListener.java:399)
	at org.hibernate.event.def.DefaultLoadEventListener.doLoad(DefaultLoadEventListener.java:375)
	at org.hibernate.event.def.DefaultLoadEventListener.load(DefaultLoadEventListener.java:139)
	at org.hibernate.event.def.DefaultLoadEventListener.proxyOrLoad(DefaultLoadEventListener.java:195)
	at org.hibernate.event.def.DefaultLoadEventListener.onLoad(DefaultLoadEventListener.java:103)
	at org.hibernate.impl.SessionImpl.fireLoad(SessionImpl.java:878)
	at org.hibernate.impl.SessionImpl.get(SessionImpl.java:815)
	at org.hibernate.impl.SessionImpl.get(SessionImpl.java:808)
	at com.pn.dao.base.impl.GenericDAOImpl.loadById(GenericDAOImpl.java:38)
	at com.pn.service.commentCustomer.CommentCustomerServiceImpl.getCommentCustomerById(CommentCustomerServiceImpl.java:33)
	at sun.reflect.NativeMethodAccessorImpl.invoke0(Native Method)
	at sun.reflect.NativeMethodAccessorImpl.invoke(Unknown Source)
	at sun.reflect.DelegatingMethodAccessorImpl.invoke(Unknown Source)
	at java.lang.reflect.Method.invoke(Unknown Source)
	at org.springframework.aop.support.AopUtils.invokeJoinpointUsingReflection(AopUtils.java:309)
	at org.springframework.aop.framework.JdkDynamicAopProxy.invoke(JdkDynamicAopProxy.java:196)
	at $Proxy22.getCommentCustomerById(Unknown Source)
	at com.pn.view.commentCustomer.controller.CommentCustomerController.retriveComment(CommentCustomerController.java:129)
	at sun.reflect.NativeMethodAccessorImpl.invoke0(Native Method)
	at sun.reflect.NativeMethodAccessorImpl.invoke(Unknown Source)
	at sun.reflect.DelegatingMethodAccessorImpl.invoke(Unknown Source)
	at java.lang.reflect.Method.invoke(Unknown Source)
	at org.springframework.web.bind.annotation.support.HandlerMethodInvoker.invokeHandlerMethod(HandlerMethodInvoker.java:176)
	at org.springframework.web.servlet.mvc.annotation.AnnotationMethodHandlerAdapter.invokeHandlerMethod(AnnotationMethodHandlerAdapter.java:426)
	at org.springframework.web.servlet.mvc.annotation.AnnotationMethodHandlerAdapter.handle(AnnotationMethodHandlerAdapter.java:414)
	at org.springframework.web.servlet.DispatcherServlet.doDispatch(DispatcherServlet.java:790)
	at org.springframework.web.servlet.DispatcherServlet.doService(DispatcherServlet.java:719)
	at org.springframework.web.servlet.FrameworkServlet.processRequest(FrameworkServlet.java:644)
	at org.springframework.web.servlet.FrameworkServlet.doGet(FrameworkServlet.java:549)
	at javax.servlet.http.HttpServlet.service(HttpServlet.java:621)
	at javax.servlet.http.HttpServlet.service(HttpServlet.java:722)
	at org.apache.catalina.core.ApplicationFilterChain.internalDoFilter(ApplicationFilterChain.java:304)
	at org.apache.catalina.core.ApplicationFilterChain.doFilter(ApplicationFilterChain.java:210)
	at org.springframework.web.filter.CharacterEncodingFilter.doFilterInternal(CharacterEncodingFilter.java:88)
	at org.springframework.web.filter.OncePerRequestFilter.doFilter(OncePerRequestFilter.java:76)
	at org.apache.catalina.core.ApplicationFilterChain.internalDoFilter(ApplicationFilterChain.java:243)
	at org.apache.catalina.core.ApplicationFilterChain.doFilter(ApplicationFilterChain.java:210)
	at org.apache.catalina.core.StandardWrapperValve.invoke(StandardWrapperValve.java:224)
	at org.apache.catalina.core.StandardContextValve.invoke(StandardContextValve.java:169)
	at org.apache.catalina.authenticator.AuthenticatorBase.invoke(AuthenticatorBase.java:472)
	at org.apache.catalina.core.StandardHostValve.invoke(StandardHostValve.java:168)
	at org.apache.catalina.valves.ErrorReportValve.invoke(ErrorReportValve.java:100)
	at org.apache.catalina.valves.AccessLogValve.invoke(AccessLogValve.java:929)
	at org.apache.catalina.core.StandardEngineValve.invoke(StandardEngineValve.java:118)
	at org.apache.catalina.connector.CoyoteAdapter.service(CoyoteAdapter.java:405)
	at org.apache.coyote.http11.AbstractHttp11Processor.process(AbstractHttp11Processor.java:964)
	at org.apache.coyote.AbstractProtocol$AbstractConnectionHandler.process(AbstractProtocol.java:515)
	at org.apache.tomcat.util.net.JIoEndpoint$SocketProcessor.run(JIoEndpoint.java:304)
	at java.util.concurrent.ThreadPoolExecutor$Worker.runTask(Unknown Source)
	at java.util.concurrent.ThreadPoolExecutor$Worker.run(Unknown Source)
	at java.lang.Thread.run(Unknown Source)
org.hibernate.SessionException: Session is closed!
	at org.hibernate.impl.AbstractSessionImpl.errorIfClosed(AbstractSessionImpl.java:49)
	at org.hibernate.impl.SessionImpl.getBatcher(SessionImpl.java:260)
	at org.hibernate.loader.Loader.getResultSet(Loader.java:1787)
	at org.hibernate.loader.Loader.doQuery(Loader.java:674)
	at org.hibernate.loader.Loader.doQueryAndInitializeNonLazyCollections(Loader.java:236)
	at org.hibernate.loader.Loader.loadEntity(Loader.java:1860)
	at org.hibernate.loader.entity.AbstractEntityLoader.load(AbstractEntityLoader.java:48)
	at org.hibernate.loader.entity.AbstractEntityLoader.load(AbstractEntityLoader.java:42)
	at org.hibernate.persister.entity.AbstractEntityPersister.load(AbstractEntityPersister.java:3049)
	at org.hibernate.event.def.DefaultLoadEventListener.loadFromDatasource(DefaultLoadEventListener.java:399)
	at org.hibernate.event.def.DefaultLoadEventListener.doLoad(DefaultLoadEventListener.java:375)
	at org.hibernate.event.def.DefaultLoadEventListener.load(DefaultLoadEventListener.java:139)
	at org.hibernate.event.def.DefaultLoadEventListener.proxyOrLoad(DefaultLoadEventListener.java:195)
	at org.hibernate.event.def.DefaultLoadEventListener.onLoad(DefaultLoadEventListener.java:103)
	at org.hibernate.impl.SessionImpl.fireLoad(SessionImpl.java:878)
	at org.hibernate.impl.SessionImpl.get(SessionImpl.java:815)
	at org.hibernate.impl.SessionImpl.get(SessionImpl.java:808)
	at com.pn.dao.base.impl.GenericDAOImpl.loadById(GenericDAOImpl.java:38)
	at com.pn.service.commentCustomer.CommentCustomerServiceImpl.getCommentCustomerById(CommentCustomerServiceImpl.java:33)
	at sun.reflect.NativeMethodAccessorImpl.invoke0(Native Method)
	at sun.reflect.NativeMethodAccessorImpl.invoke(Unknown Source)
	at sun.reflect.DelegatingMethodAccessorImpl.invoke(Unknown Source)
	at java.lang.reflect.Method.invoke(Unknown Source)
	at org.springframework.aop.support.AopUtils.invokeJoinpointUsingReflection(AopUtils.java:309)
	at org.springframework.aop.framework.JdkDynamicAopProxy.invoke(JdkDynamicAopProxy.java:196)
	at $Proxy22.getCommentCustomerById(Unknown Source)
	at com.pn.view.commentCustomer.controller.CommentCustomerController.retriveComment(CommentCustomerController.java:129)
	at sun.reflect.NativeMethodAccessorImpl.invoke0(Native Method)
	at sun.reflect.NativeMethodAccessorImpl.invoke(Unknown Source)
	at sun.reflect.DelegatingMethodAccessorImpl.invoke(Unknown Source)
	at java.lang.reflect.Method.invoke(Unknown Source)
	at org.springframework.web.bind.annotation.support.HandlerMethodInvoker.invokeHandlerMethod(HandlerMethodInvoker.java:176)
	at org.springframework.web.servlet.mvc.annotation.AnnotationMethodHandlerAdapter.invokeHandlerMethod(AnnotationMethodHandlerAdapter.java:426)
	at org.springframework.web.servlet.mvc.annotation.AnnotationMethodHandlerAdapter.handle(AnnotationMethodHandlerAdapter.java:414)
	at org.springframework.web.servlet.DispatcherServlet.doDispatch(DispatcherServlet.java:790)
	at org.springframework.web.servlet.DispatcherServlet.doService(DispatcherServlet.java:719)
	at org.springframework.web.servlet.FrameworkServlet.processRequest(FrameworkServlet.java:644)
	at org.springframework.web.servlet.FrameworkServlet.doGet(FrameworkServlet.java:549)
	at javax.servlet.http.HttpServlet.service(HttpServlet.java:621)
	at javax.servlet.http.HttpServlet.service(HttpServlet.java:722)
	at org.apache.catalina.core.ApplicationFilterChain.internalDoFilter(ApplicationFilterChain.java:304)
	at org.apache.catalina.core.ApplicationFilterChain.doFilter(ApplicationFilterChain.java:210)
	at org.springframework.web.filter.CharacterEncodingFilter.doFilterInternal(CharacterEncodingFilter.java:88)
	at org.springframework.web.filter.OncePerRequestFilter.doFilter(OncePerRequestFilter.java:76)
	at org.apache.catalina.core.ApplicationFilterChain.internalDoFilter(ApplicationFilterChain.java:243)
	at org.apache.catalina.core.ApplicationFilterChain.doFilter(ApplicationFilterChain.java:210)
	at org.apache.catalina.core.StandardWrapperValve.invoke(StandardWrapperValve.java:224)
	at org.apache.catalina.core.StandardContextValve.invoke(StandardContextValve.java:169)
	at org.apache.catalina.authenticator.AuthenticatorBase.invoke(AuthenticatorBase.java:472)
	at org.apache.catalina.core.StandardHostValve.invoke(StandardHostValve.java:168)
	at org.apache.catalina.valves.ErrorReportValve.invoke(ErrorReportValve.java:100)
	at org.apache.catalina.valves.AccessLogValve.invoke(AccessLogValve.java:929)
	at org.apache.catalina.core.StandardEngineValve.invoke(StandardEngineValve.java:118)
	at org.apache.catalina.connector.CoyoteAdapter.service(CoyoteAdapter.java:405)
	at org.apache.coyote.http11.AbstractHttp11Processor.process(AbstractHttp11Processor.java:964)
	at org.apache.coyote.AbstractProtocol$AbstractConnectionHandler.process(AbstractProtocol.java:515)
	at org.apache.tomcat.util.net.JIoEndpoint$SocketProcessor.run(JIoEndpoint.java:304)
	at java.util.concurrent.ThreadPoolExecutor$Worker.runTask(Unknown Source)
	at java.util.concurrent.ThreadPoolExecutor$Worker.run(Unknown Source)
	at java.lang.Thread.run(Unknown Source)
org.hibernate.SessionException: Session was already closed
	at org.hibernate.impl.SessionImpl.close(SessionImpl.java:275)
	at com.pn.dao.base.impl.GenericDAOImpl.closeOperation(GenericDAOImpl.java:104)
	at com.pn.dao.base.impl.GenericDAOImpl.loadById(GenericDAOImpl.java:40)
	at com.pn.service.commentCustomer.CommentCustomerServiceImpl.getCommentCustomerById(CommentCustomerServiceImpl.java:33)
	at sun.reflect.NativeMethodAccessorImpl.invoke0(Native Method)
	at sun.reflect.NativeMethodAccessorImpl.invoke(Unknown Source)
	at sun.reflect.DelegatingMethodAccessorImpl.invoke(Unknown Source)
	at java.lang.reflect.Method.invoke(Unknown Source)
	at org.springframework.aop.support.AopUtils.invokeJoinpointUsingReflection(AopUtils.java:309)
	at org.springframework.aop.framework.JdkDynamicAopProxy.invoke(JdkDynamicAopProxy.java:196)
	at $Proxy22.getCommentCustomerById(Unknown Source)
	at com.pn.view.commentCustomer.controller.CommentCustomerController.retriveComment(CommentCustomerController.java:129)
	at sun.reflect.NativeMethodAccessorImpl.invoke0(Native Method)
	at sun.reflect.NativeMethodAccessorImpl.invoke(Unknown Source)
	at sun.reflect.DelegatingMethodAccessorImpl.invoke(Unknown Source)
	at java.lang.reflect.Method.invoke(Unknown Source)
	at org.springframework.web.bind.annotation.support.HandlerMethodInvoker.invokeHandlerMethod(HandlerMethodInvoker.java:176)
	at org.springframework.web.servlet.mvc.annotation.AnnotationMethodHandlerAdapter.invokeHandlerMethod(AnnotationMethodHandlerAdapter.java:426)
	at org.springframework.web.servlet.mvc.annotation.AnnotationMethodHandlerAdapter.handle(AnnotationMethodHandlerAdapter.java:414)
	at org.springframework.web.servlet.DispatcherServlet.doDispatch(DispatcherServlet.java:790)
	at org.springframework.web.servlet.DispatcherServlet.doService(DispatcherServlet.java:719)
	at org.springframework.web.servlet.FrameworkServlet.processRequest(FrameworkServlet.java:644)
	at org.springframework.web.servlet.FrameworkServlet.doGet(FrameworkServlet.java:549)
	at javax.servlet.http.HttpServlet.service(HttpServlet.java:621)
	at javax.servlet.http.HttpServlet.service(HttpServlet.java:722)
	at org.apache.catalina.core.ApplicationFilterChain.internalDoFilter(ApplicationFilterChain.java:304)
	at org.apache.catalina.core.ApplicationFilterChain.doFilter(ApplicationFilterChain.java:210)
	at org.springframework.web.filter.CharacterEncodingFilter.doFilterInternal(CharacterEncodingFilter.java:88)
	at org.springframework.web.filter.OncePerRequestFilter.doFilter(OncePerRequestFilter.java:76)
	at org.apache.catalina.core.ApplicationFilterChain.internalDoFilter(ApplicationFilterChain.java:243)
	at org.apache.catalina.core.ApplicationFilterChain.doFilter(ApplicationFilterChain.java:210)
	at org.apache.catalina.core.StandardWrapperValve.invoke(StandardWrapperValve.java:224)
	at org.apache.catalina.core.StandardContextValve.invoke(StandardContextValve.java:169)
	at org.apache.catalina.authenticator.AuthenticatorBase.invoke(AuthenticatorBase.java:472)
	at org.apache.catalina.core.StandardHostValve.invoke(StandardHostValve.java:168)
	at org.apache.catalina.valves.ErrorReportValve.invoke(ErrorReportValve.java:100)
	at org.apache.catalina.valves.AccessLogValve.invoke(AccessLogValve.java:929)
	at org.apache.catalina.core.StandardEngineValve.invoke(StandardEngineValve.java:118)
	at org.apache.catalina.connector.CoyoteAdapter.service(CoyoteAdapter.java:405)
	at org.apache.coyote.http11.AbstractHttp11Processor.process(AbstractHttp11Processor.java:964)
	at org.apache.coyote.AbstractProtocol$AbstractConnectionHandler.process(AbstractProtocol.java:515)
	at org.apache.tomcat.util.net.JIoEndpoint$SocketProcessor.run(JIoEndpoint.java:304)
	at java.util.concurrent.ThreadPoolExecutor$Worker.runTask(Unknown Source)
	at java.util.concurrent.ThreadPoolExecutor$Worker.run(Unknown Source)
	at java.lang.Thread.run(Unknown Source)
org.hibernate.exception.JDBCConnectionException: could not initialize a collection: [com.pn.model.dmEmployee.Employee.cp#ly]
	at org.hibernate.exception.SQLStateConverter.convert(SQLStateConverter.java:74)
	at org.hibernate.exception.JDBCExceptionHelper.convert(JDBCExceptionHelper.java:43)
	at org.hibernate.loader.Loader.loadCollection(Loader.java:2001)
	at org.hibernate.loader.collection.CollectionLoader.initialize(CollectionLoader.java:36)
	at org.hibernate.persister.collection.AbstractCollectionPersister.initialize(AbstractCollectionPersister.java:565)
	at org.hibernate.event.def.DefaultInitializeCollectionEventListener.onInitializeCollection(DefaultInitializeCollectionEventListener.java:63)
	at org.hibernate.impl.SessionImpl.initializeCollection(SessionImpl.java:1716)
	at org.hibernate.collection.AbstractPersistentCollection.forceInitialization(AbstractPersistentCollection.java:454)
	at org.hibernate.engine.StatefulPersistenceContext.initializeNonLazyCollections(StatefulPersistenceContext.java:844)
	at org.hibernate.loader.Loader.doQueryAndInitializeNonLazyCollections(Loader.java:241)
	at org.hibernate.loader.Loader.loadEntity(Loader.java:1860)
	at org.hibernate.loader.entity.AbstractEntityLoader.load(AbstractEntityLoader.java:48)
	at org.hibernate.loader.entity.AbstractEntityLoader.load(AbstractEntityLoader.java:42)
	at org.hibernate.persister.entity.AbstractEntityPersister.load(AbstractEntityPersister.java:3049)
	at org.hibernate.event.def.DefaultLoadEventListener.loadFromDatasource(DefaultLoadEventListener.java:399)
	at org.hibernate.event.def.DefaultLoadEventListener.doLoad(DefaultLoadEventListener.java:375)
	at org.hibernate.event.def.DefaultLoadEventListener.load(DefaultLoadEventListener.java:139)
	at org.hibernate.event.def.DefaultLoadEventListener.proxyOrLoad(DefaultLoadEventListener.java:195)
	at org.hibernate.event.def.DefaultLoadEventListener.onLoad(DefaultLoadEventListener.java:103)
	at org.hibernate.impl.SessionImpl.fireLoad(SessionImpl.java:878)
	at org.hibernate.impl.SessionImpl.get(SessionImpl.java:815)
	at org.hibernate.impl.SessionImpl.get(SessionImpl.java:808)
	at com.pn.dao.base.impl.GenericDAOImpl.loadById(GenericDAOImpl.java:38)
	at com.pn.service.commentCustomer.CommentCustomerServiceImpl.getCommentCustomerById(CommentCustomerServiceImpl.java:33)
	at sun.reflect.GeneratedMethodAccessor55.invoke(Unknown Source)
	at sun.reflect.DelegatingMethodAccessorImpl.invoke(Unknown Source)
	at java.lang.reflect.Method.invoke(Unknown Source)
	at org.springframework.aop.support.AopUtils.invokeJoinpointUsingReflection(AopUtils.java:309)
	at org.springframework.aop.framework.JdkDynamicAopProxy.invoke(JdkDynamicAopProxy.java:196)
	at $Proxy22.getCommentCustomerById(Unknown Source)
	at com.pn.view.commentCustomer.controller.CommentCustomerController.retriveComment(CommentCustomerController.java:129)
	at sun.reflect.GeneratedMethodAccessor54.invoke(Unknown Source)
	at sun.reflect.DelegatingMethodAccessorImpl.invoke(Unknown Source)
	at java.lang.reflect.Method.invoke(Unknown Source)
	at org.springframework.web.bind.annotation.support.HandlerMethodInvoker.invokeHandlerMethod(HandlerMethodInvoker.java:176)
	at org.springframework.web.servlet.mvc.annotation.AnnotationMethodHandlerAdapter.invokeHandlerMethod(AnnotationMethodHandlerAdapter.java:426)
	at org.springframework.web.servlet.mvc.annotation.AnnotationMethodHandlerAdapter.handle(AnnotationMethodHandlerAdapter.java:414)
	at org.springframework.web.servlet.DispatcherServlet.doDispatch(DispatcherServlet.java:790)
	at org.springframework.web.servlet.DispatcherServlet.doService(DispatcherServlet.java:719)
	at org.springframework.web.servlet.FrameworkServlet.processRequest(FrameworkServlet.java:644)
	at org.springframework.web.servlet.FrameworkServlet.doGet(FrameworkServlet.java:549)
	at javax.servlet.http.HttpServlet.service(HttpServlet.java:621)
	at javax.servlet.http.HttpServlet.service(HttpServlet.java:722)
	at org.apache.catalina.core.ApplicationFilterChain.internalDoFilter(ApplicationFilterChain.java:304)
	at org.apache.catalina.core.ApplicationFilterChain.doFilter(ApplicationFilterChain.java:210)
	at org.springframework.web.filter.CharacterEncodingFilter.doFilterInternal(CharacterEncodingFilter.java:88)
	at org.springframework.web.filter.OncePerRequestFilter.doFilter(OncePerRequestFilter.java:76)
	at org.apache.catalina.core.ApplicationFilterChain.internalDoFilter(ApplicationFilterChain.java:243)
	at org.apache.catalina.core.ApplicationFilterChain.doFilter(ApplicationFilterChain.java:210)
	at org.apache.catalina.core.StandardWrapperValve.invoke(StandardWrapperValve.java:224)
	at org.apache.catalina.core.StandardContextValve.invoke(StandardContextValve.java:169)
	at org.apache.catalina.authenticator.AuthenticatorBase.invoke(AuthenticatorBase.java:472)
	at org.apache.catalina.core.StandardHostValve.invoke(StandardHostValve.java:168)
	at org.apache.catalina.valves.ErrorReportValve.invoke(ErrorReportValve.java:100)
	at org.apache.catalina.valves.AccessLogValve.invoke(AccessLogValve.java:929)
	at org.apache.catalina.core.StandardEngineValve.invoke(StandardEngineValve.java:118)
	at org.apache.catalina.connector.CoyoteAdapter.service(CoyoteAdapter.java:405)
	at org.apache.coyote.http11.AbstractHttp11Processor.process(AbstractHttp11Processor.java:964)
	at org.apache.coyote.AbstractProtocol$AbstractConnectionHandler.process(AbstractProtocol.java:515)
	at org.apache.tomcat.util.net.JIoEndpoint$SocketProcessor.run(JIoEndpoint.java:304)
	at java.util.concurrent.ThreadPoolExecutor$Worker.runTask(Unknown Source)
	at java.util.concurrent.ThreadPoolExecutor$Worker.run(Unknown Source)
	at java.lang.Thread.run(Unknown Source)
Caused by: com.microsoft.sqlserver.jdbc.SQLServerException: socket closed
	at com.microsoft.sqlserver.jdbc.SQLServerConnection.terminate(SQLServerConnection.java:1368)
	at com.microsoft.sqlserver.jdbc.SQLServerConnection.terminate(SQLServerConnection.java:1355)
	at com.microsoft.sqlserver.jdbc.TDSChannel.read(IOBuffer.java:1532)
	at com.microsoft.sqlserver.jdbc.TDSReader.readPacket(IOBuffer.java:3274)
	at com.microsoft.sqlserver.jdbc.TDSCommand.startResponse(IOBuffer.java:4433)
	at com.microsoft.sqlserver.jdbc.SQLServerPreparedStatement.doExecutePreparedStatement(SQLServerPreparedStatement.java:386)
	at com.microsoft.sqlserver.jdbc.SQLServerPreparedStatement$PrepStmtExecCmd.doExecute(SQLServerPreparedStatement.java:338)
	at com.microsoft.sqlserver.jdbc.TDSCommand.execute(IOBuffer.java:4026)
	at com.microsoft.sqlserver.jdbc.SQLServerConnection.executeCommand(SQLServerConnection.java:1416)
	at com.microsoft.sqlserver.jdbc.SQLServerStatement.executeCommand(SQLServerStatement.java:185)
	at com.microsoft.sqlserver.jdbc.SQLServerStatement.executeStatement(SQLServerStatement.java:160)
	at com.microsoft.sqlserver.jdbc.SQLServerPreparedStatement.executeQuery(SQLServerPreparedStatement.java:281)
	at org.hibernate.jdbc.AbstractBatcher.getResultSet(AbstractBatcher.java:186)
	at org.hibernate.loader.Loader.getResultSet(Loader.java:1787)
	at org.hibernate.loader.Loader.doQuery(Loader.java:674)
	at org.hibernate.loader.Loader.doQueryAndInitializeNonLazyCollections(Loader.java:236)
	at org.hibernate.loader.Loader.loadCollection(Loader.java:1994)
	... 60 more
org.hibernate.SessionException: Session is closed!
	at org.hibernate.impl.AbstractSessionImpl.errorIfClosed(AbstractSessionImpl.java:49)
	at org.hibernate.impl.SessionImpl.getPersistenceContext(SessionImpl.java:1823)
	at org.hibernate.event.def.ProxyVisitor.reattachCollection(ProxyVisitor.java:65)
	at org.hibernate.event.def.WrapVisitor.processCollection(WrapVisitor.java:45)
	at org.hibernate.event.def.AbstractVisitor.processValue(AbstractVisitor.java:101)
	at org.hibernate.event.def.WrapVisitor.processValue(WrapVisitor.java:98)
	at org.hibernate.event.def.AbstractVisitor.processEntityPropertyValues(AbstractVisitor.java:55)
	at org.hibernate.event.def.DefaultFlushEntityEventListener.wrapCollections(DefaultFlushEntityEventListener.java:192)
	at org.hibernate.event.def.DefaultFlushEntityEventListener.onFlushEntity(DefaultFlushEntityEventListener.java:125)
	at org.hibernate.event.def.AbstractFlushingEventListener.flushEntities(AbstractFlushingEventListener.java:196)
	at org.hibernate.event.def.AbstractFlushingEventListener.flushEverythingToExecutions(AbstractFlushingEventListener.java:76)
	at org.hibernate.event.def.DefaultFlushEventListener.onFlush(DefaultFlushEventListener.java:26)
	at org.hibernate.impl.SessionImpl.flush(SessionImpl.java:1000)
	at org.hibernate.impl.SessionImpl.managedFlush(SessionImpl.java:338)
	at org.hibernate.transaction.JDBCTransaction.commit(JDBCTransaction.java:106)
	at com.pn.dao.base.impl.GenericDAOImpl.loadById(GenericDAOImpl.java:39)
	at com.pn.service.commentCustomer.CommentCustomerServiceImpl.getCommentCustomerById(CommentCustomerServiceImpl.java:33)
	at sun.reflect.GeneratedMethodAccessor55.invoke(Unknown Source)
	at sun.reflect.DelegatingMethodAccessorImpl.invoke(Unknown Source)
	at java.lang.reflect.Method.invoke(Unknown Source)
	at org.springframework.aop.support.AopUtils.invokeJoinpointUsingReflection(AopUtils.java:309)
	at org.springframework.aop.framework.JdkDynamicAopProxy.invoke(JdkDynamicAopProxy.java:196)
	at $Proxy22.getCommentCustomerById(Unknown Source)
	at com.pn.view.commentCustomer.controller.CommentCustomerController.retriveComment(CommentCustomerController.java:129)
	at sun.reflect.GeneratedMethodAccessor54.invoke(Unknown Source)
	at sun.reflect.DelegatingMethodAccessorImpl.invoke(Unknown Source)
	at java.lang.reflect.Method.invoke(Unknown Source)
	at org.springframework.web.bind.annotation.support.HandlerMethodInvoker.invokeHandlerMethod(HandlerMethodInvoker.java:176)
	at org.springframework.web.servlet.mvc.annotation.AnnotationMethodHandlerAdapter.invokeHandlerMethod(AnnotationMethodHandlerAdapter.java:426)
	at org.springframework.web.servlet.mvc.annotation.AnnotationMethodHandlerAdapter.handle(AnnotationMethodHandlerAdapter.java:414)
	at org.springframework.web.servlet.DispatcherServlet.doDispatch(DispatcherServlet.java:790)
	at org.springframework.web.servlet.DispatcherServlet.doService(DispatcherServlet.java:719)
	at org.springframework.web.servlet.FrameworkServlet.processRequest(FrameworkServlet.java:644)
	at org.springframework.web.servlet.FrameworkServlet.doGet(FrameworkServlet.java:549)
	at javax.servlet.http.HttpServlet.service(HttpServlet.java:621)
	at javax.servlet.http.HttpServlet.service(HttpServlet.java:722)
	at org.apache.catalina.core.ApplicationFilterChain.internalDoFilter(ApplicationFilterChain.java:304)
	at org.apache.catalina.core.ApplicationFilterChain.doFilter(ApplicationFilterChain.java:210)
	at org.springframework.web.filter.CharacterEncodingFilter.doFilterInternal(CharacterEncodingFilter.java:88)
	at org.springframework.web.filter.OncePerRequestFilter.doFilter(OncePerRequestFilter.java:76)
	at org.apache.catalina.core.ApplicationFilterChain.internalDoFilter(ApplicationFilterChain.java:243)
	at org.apache.catalina.core.ApplicationFilterChain.doFilter(ApplicationFilterChain.java:210)
	at org.apache.catalina.core.StandardWrapperValve.invoke(StandardWrapperValve.java:224)
	at org.apache.catalina.core.StandardContextValve.invoke(StandardContextValve.java:169)
	at org.apache.catalina.authenticator.AuthenticatorBase.invoke(AuthenticatorBase.java:472)
	at org.apache.catalina.core.StandardHostValve.invoke(StandardHostValve.java:168)
	at org.apache.catalina.valves.ErrorReportValve.invoke(ErrorReportValve.java:100)
	at org.apache.catalina.valves.AccessLogValve.invoke(AccessLogValve.java:929)
	at org.apache.catalina.core.StandardEngineValve.invoke(StandardEngineValve.java:118)
	at org.apache.catalina.connector.CoyoteAdapter.service(CoyoteAdapter.java:405)
	at org.apache.coyote.http11.AbstractHttp11Processor.process(AbstractHttp11Processor.java:964)
	at org.apache.coyote.AbstractProtocol$AbstractConnectionHandler.process(AbstractProtocol.java:515)
	at org.apache.tomcat.util.net.JIoEndpoint$SocketProcessor.run(JIoEndpoint.java:304)
	at java.util.concurrent.ThreadPoolExecutor$Worker.runTask(Unknown Source)
	at java.util.concurrent.ThreadPoolExecutor$Worker.run(Unknown Source)
	at java.lang.Thread.run(Unknown Source)
org.hibernate.HibernateException: collection is not associated with any session
	at org.hibernate.collection.AbstractPersistentCollection.forceInitialization(AbstractPersistentCollection.java:449)
	at org.hibernate.engine.StatefulPersistenceContext.initializeNonLazyCollections(StatefulPersistenceContext.java:844)
	at org.hibernate.loader.Loader.doQueryAndInitializeNonLazyCollections(Loader.java:241)
	at org.hibernate.loader.Loader.loadEntity(Loader.java:1860)
	at org.hibernate.loader.entity.AbstractEntityLoader.load(AbstractEntityLoader.java:48)
	at org.hibernate.loader.entity.AbstractEntityLoader.load(AbstractEntityLoader.java:42)
	at org.hibernate.persister.entity.AbstractEntityPersister.load(AbstractEntityPersister.java:3049)
	at org.hibernate.event.def.DefaultLoadEventListener.loadFromDatasource(DefaultLoadEventListener.java:399)
	at org.hibernate.event.def.DefaultLoadEventListener.doLoad(DefaultLoadEventListener.java:375)
	at org.hibernate.event.def.DefaultLoadEventListener.load(DefaultLoadEventListener.java:139)
	at org.hibernate.event.def.DefaultLoadEventListener.proxyOrLoad(DefaultLoadEventListener.java:195)
	at org.hibernate.event.def.DefaultLoadEventListener.onLoad(DefaultLoadEventListener.java:103)
	at org.hibernate.impl.SessionImpl.fireLoad(SessionImpl.java:878)
	at org.hibernate.impl.SessionImpl.get(SessionImpl.java:815)
	at org.hibernate.impl.SessionImpl.get(SessionImpl.java:808)
	at com.pn.dao.base.impl.GenericDAOImpl.loadById(GenericDAOImpl.java:38)
	at com.pn.service.commentCustomer.CommentCustomerServiceImpl.getCommentCustomerById(CommentCustomerServiceImpl.java:33)
	at sun.reflect.GeneratedMethodAccessor55.invoke(Unknown Source)
	at sun.reflect.DelegatingMethodAccessorImpl.invoke(Unknown Source)
	at java.lang.reflect.Method.invoke(Unknown Source)
	at org.springframework.aop.support.AopUtils.invokeJoinpointUsingReflection(AopUtils.java:309)
	at org.springframework.aop.framework.JdkDynamicAopProxy.invoke(JdkDynamicAopProxy.java:196)
	at $Proxy22.getCommentCustomerById(Unknown Source)
	at com.pn.view.commentCustomer.controller.CommentCustomerController.retriveComment(CommentCustomerController.java:129)
	at sun.reflect.GeneratedMethodAccessor54.invoke(Unknown Source)
	at sun.reflect.DelegatingMethodAccessorImpl.invoke(Unknown Source)
	at java.lang.reflect.Method.invoke(Unknown Source)
	at org.springframework.web.bind.annotation.support.HandlerMethodInvoker.invokeHandlerMethod(HandlerMethodInvoker.java:176)
	at org.springframework.web.servlet.mvc.annotation.AnnotationMethodHandlerAdapter.invokeHandlerMethod(AnnotationMethodHandlerAdapter.java:426)
	at org.springframework.web.servlet.mvc.annotation.AnnotationMethodHandlerAdapter.handle(AnnotationMethodHandlerAdapter.java:414)
	at org.springframework.web.servlet.DispatcherServlet.doDispatch(DispatcherServlet.java:790)
	at org.springframework.web.servlet.DispatcherServlet.doService(DispatcherServlet.java:719)
	at org.springframework.web.servlet.FrameworkServlet.processRequest(FrameworkServlet.java:644)
	at org.springframework.web.servlet.FrameworkServlet.doGet(FrameworkServlet.java:549)
	at javax.servlet.http.HttpServlet.service(HttpServlet.java:621)
	at javax.servlet.http.HttpServlet.service(HttpServlet.java:722)
	at org.apache.catalina.core.ApplicationFilterChain.internalDoFilter(ApplicationFilterChain.java:304)
	at org.apache.catalina.core.ApplicationFilterChain.doFilter(ApplicationFilterChain.java:210)
	at org.springframework.web.filter.CharacterEncodingFilter.doFilterInternal(CharacterEncodingFilter.java:88)
	at org.springframework.web.filter.OncePerRequestFilter.doFilter(OncePerRequestFilter.java:76)
	at org.apache.catalina.core.ApplicationFilterChain.internalDoFilter(ApplicationFilterChain.java:243)
	at org.apache.catalina.core.ApplicationFilterChain.doFilter(ApplicationFilterChain.java:210)
	at org.apache.catalina.core.StandardWrapperValve.invoke(StandardWrapperValve.java:224)
	at org.apache.catalina.core.StandardContextValve.invoke(StandardContextValve.java:169)
	at org.apache.catalina.authenticator.AuthenticatorBase.invoke(AuthenticatorBase.java:472)
	at org.apache.catalina.core.StandardHostValve.invoke(StandardHostValve.java:168)
	at org.apache.catalina.valves.ErrorReportValve.invoke(ErrorReportValve.java:100)
	at org.apache.catalina.valves.AccessLogValve.invoke(AccessLogValve.java:929)
	at org.apache.catalina.core.StandardEngineValve.invoke(StandardEngineValve.java:118)
	at org.apache.catalina.connector.CoyoteAdapter.service(CoyoteAdapter.java:405)
	at org.apache.coyote.http11.AbstractHttp11Processor.process(AbstractHttp11Processor.java:964)
	at org.apache.coyote.AbstractProtocol$AbstractConnectionHandler.process(AbstractProtocol.java:515)
	at org.apache.tomcat.util.net.JIoEndpoint$SocketProcessor.run(JIoEndpoint.java:304)
	at java.util.concurrent.ThreadPoolExecutor$Worker.runTask(Unknown Source)
	at java.util.concurrent.ThreadPoolExecutor$Worker.run(Unknown Source)
	at java.lang.Thread.run(Unknown Source)
org.hibernate.TransactionException: Transaction not successfully started
	at org.hibernate.transaction.JDBCTransaction.commit(JDBCTransaction.java:100)
	at com.pn.dao.base.impl.GenericDAOImpl.loadById(GenericDAOImpl.java:39)
	at com.pn.service.commentCustomer.CommentCustomerServiceImpl.getCommentCustomerById(CommentCustomerServiceImpl.java:33)
	at sun.reflect.GeneratedMethodAccessor55.invoke(Unknown Source)
	at sun.reflect.DelegatingMethodAccessorImpl.invoke(Unknown Source)
	at java.lang.reflect.Method.invoke(Unknown Source)
	at org.springframework.aop.support.AopUtils.invokeJoinpointUsingReflection(AopUtils.java:309)
	at org.springframework.aop.framework.JdkDynamicAopProxy.invoke(JdkDynamicAopProxy.java:196)
	at $Proxy22.getCommentCustomerById(Unknown Source)
	at com.pn.view.commentCustomer.controller.CommentCustomerController.retriveComment(CommentCustomerController.java:129)
	at sun.reflect.GeneratedMethodAccessor54.invoke(Unknown Source)
	at sun.reflect.DelegatingMethodAccessorImpl.invoke(Unknown Source)
	at java.lang.reflect.Method.invoke(Unknown Source)
	at org.springframework.web.bind.annotation.support.HandlerMethodInvoker.invokeHandlerMethod(HandlerMethodInvoker.java:176)
	at org.springframework.web.servlet.mvc.annotation.AnnotationMethodHandlerAdapter.invokeHandlerMethod(AnnotationMethodHandlerAdapter.java:426)
	at org.springframework.web.servlet.mvc.annotation.AnnotationMethodHandlerAdapter.handle(AnnotationMethodHandlerAdapter.java:414)
	at org.springframework.web.servlet.DispatcherServlet.doDispatch(DispatcherServlet.java:790)
	at org.springframework.web.servlet.DispatcherServlet.doService(DispatcherServlet.java:719)
	at org.springframework.web.servlet.FrameworkServlet.processRequest(FrameworkServlet.java:644)
	at org.springframework.web.servlet.FrameworkServlet.doGet(FrameworkServlet.java:549)
	at javax.servlet.http.HttpServlet.service(HttpServlet.java:621)
	at javax.servlet.http.HttpServlet.service(HttpServlet.java:722)
	at org.apache.catalina.core.ApplicationFilterChain.internalDoFilter(ApplicationFilterChain.java:304)
	at org.apache.catalina.core.ApplicationFilterChain.doFilter(ApplicationFilterChain.java:210)
	at org.springframework.web.filter.CharacterEncodingFilter.doFilterInternal(CharacterEncodingFilter.java:88)
	at org.springframework.web.filter.OncePerRequestFilter.doFilter(OncePerRequestFilter.java:76)
	at org.apache.catalina.core.ApplicationFilterChain.internalDoFilter(ApplicationFilterChain.java:243)
	at org.apache.catalina.core.ApplicationFilterChain.doFilter(ApplicationFilterChain.java:210)
	at org.apache.catalina.core.StandardWrapperValve.invoke(StandardWrapperValve.java:224)
	at org.apache.catalina.core.StandardContextValve.invoke(StandardContextValve.java:169)
	at org.apache.catalina.authenticator.AuthenticatorBase.invoke(AuthenticatorBase.java:472)
	at org.apache.catalina.core.StandardHostValve.invoke(StandardHostValve.java:168)
	at org.apache.catalina.valves.ErrorReportValve.invoke(ErrorReportValve.java:100)
	at org.apache.catalina.valves.AccessLogValve.invoke(AccessLogValve.java:929)
	at org.apache.catalina.core.StandardEngineValve.invoke(StandardEngineValve.java:118)
	at org.apache.catalina.connector.CoyoteAdapter.service(CoyoteAdapter.java:405)
	at org.apache.coyote.http11.AbstractHttp11Processor.process(AbstractHttp11Processor.java:964)
	at org.apache.coyote.AbstractProtocol$AbstractConnectionHandler.process(AbstractProtocol.java:515)
	at org.apache.tomcat.util.net.JIoEndpoint$SocketProcessor.run(JIoEndpoint.java:304)
	at java.util.concurrent.ThreadPoolExecutor$Worker.runTask(Unknown Source)
	at java.util.concurrent.ThreadPoolExecutor$Worker.run(Unknown Source)
	at java.lang.Thread.run(Unknown Source)
org.hibernate.TransactionException: Transaction not successfully started
	at org.hibernate.transaction.JDBCTransaction.commit(JDBCTransaction.java:100)
	at com.pn.dao.base.impl.GenericDAOImpl.loadById(GenericDAOImpl.java:39)
	at com.pn.service.commentCustomer.CommentCustomerServiceImpl.getCommentCustomerById(CommentCustomerServiceImpl.java:33)
	at sun.reflect.GeneratedMethodAccessor55.invoke(Unknown Source)
	at sun.reflect.DelegatingMethodAccessorImpl.invoke(Unknown Source)
	at java.lang.reflect.Method.invoke(Unknown Source)
	at org.springframework.aop.support.AopUtils.invokeJoinpointUsingReflection(AopUtils.java:309)
	at org.springframework.aop.framework.JdkDynamicAopProxy.invoke(JdkDynamicAopProxy.java:196)
	at $Proxy22.getCommentCustomerById(Unknown Source)
	at com.pn.view.commentCustomer.controller.CommentCustomerController.retriveComment(CommentCustomerController.java:129)
	at sun.reflect.GeneratedMethodAccessor54.invoke(Unknown Source)
	at sun.reflect.DelegatingMethodAccessorImpl.invoke(Unknown Source)
	at java.lang.reflect.Method.invoke(Unknown Source)
	at org.springframework.web.bind.annotation.support.HandlerMethodInvoker.invokeHandlerMethod(HandlerMethodInvoker.java:176)
	at org.springframework.web.servlet.mvc.annotation.AnnotationMethodHandlerAdapter.invokeHandlerMethod(AnnotationMethodHandlerAdapter.java:426)
	at org.springframework.web.servlet.mvc.annotation.AnnotationMethodHandlerAdapter.handle(AnnotationMethodHandlerAdapter.java:414)
	at org.springframework.web.servlet.DispatcherServlet.doDispatch(DispatcherServlet.java:790)
	at org.springframework.web.servlet.DispatcherServlet.doService(DispatcherServlet.java:719)
	at org.springframework.web.servlet.FrameworkServlet.processRequest(FrameworkServlet.java:644)
	at org.springframework.web.servlet.FrameworkServlet.doGet(FrameworkServlet.java:549)
	at javax.servlet.http.HttpServlet.service(HttpServlet.java:621)
	at javax.servlet.http.HttpServlet.service(HttpServlet.java:722)
	at org.apache.catalina.core.ApplicationFilterChain.internalDoFilter(ApplicationFilterChain.java:304)
	at org.apache.catalina.core.ApplicationFilterChain.doFilter(ApplicationFilterChain.java:210)
	at org.springframework.web.filter.CharacterEncodingFilter.doFilterInternal(CharacterEncodingFilter.java:88)
	at org.springframework.web.filter.OncePerRequestFilter.doFilter(OncePerRequestFilter.java:76)
	at org.apache.catalina.core.ApplicationFilterChain.internalDoFilter(ApplicationFilterChain.java:243)
	at org.apache.catalina.core.ApplicationFilterChain.doFilter(ApplicationFilterChain.java:210)
	at org.apache.catalina.core.StandardWrapperValve.invoke(StandardWrapperValve.java:224)
	at org.apache.catalina.core.StandardContextValve.invoke(StandardContextValve.java:169)
	at org.apache.catalina.authenticator.AuthenticatorBase.invoke(AuthenticatorBase.java:472)
	at org.apache.catalina.core.StandardHostValve.invoke(StandardHostValve.java:168)
	at org.apache.catalina.valves.ErrorReportValve.invoke(ErrorReportValve.java:100)
	at org.apache.catalina.valves.AccessLogValve.invoke(AccessLogValve.java:929)
	at org.apache.catalina.core.StandardEngineValve.invoke(StandardEngineValve.java:118)
	at org.apache.catalina.connector.CoyoteAdapter.service(CoyoteAdapter.java:405)
	at org.apache.coyote.http11.AbstractHttp11Processor.process(AbstractHttp11Processor.java:964)
	at org.apache.coyote.AbstractProtocol$AbstractConnectionHandler.process(AbstractProtocol.java:515)
	at org.apache.tomcat.util.net.JIoEndpoint$SocketProcessor.run(JIoEndpoint.java:304)
	at java.util.concurrent.ThreadPoolExecutor$Worker.runTask(Unknown Source)
	at java.util.concurrent.ThreadPoolExecutor$Worker.run(Unknown Source)
	at java.lang.Thread.run(Unknown Source)
