
2015-03-30 07:40:51 Commons Daemon procrun stderr initialized
log4j:WARN No appenders could be found for logger (org.springframework.web.filter.CharacterEncodingFilter).
log4j:WARN Please initialize the log4j system properly.
log4j:WARN See http://logging.apache.org/log4j/1.2/faq.html#noconfig for more info.
org.hibernate.TransactionException: JDBC begin failed: 
	at org.hibernate.transaction.JDBCTransaction.begin(JDBCTransaction.java:68)
	at org.hibernate.impl.SessionImpl.beginTransaction(SessionImpl.java:1326)
	at com.pn.dao.base.impl.GenericDAOImpl.startOperation(GenericDAOImpl.java:101)
	at com.pn.dao.base.impl.GenericDAOImpl.loadById(GenericDAOImpl.java:37)
	at com.pn.service.commentCustomer.CommentCustomerServiceImpl.getCommentCustomerById(CommentCustomerServiceImpl.java:33)
	at sun.reflect.GeneratedMethodAccessor61.invoke(Unknown Source)
	at sun.reflect.DelegatingMethodAccessorImpl.invoke(Unknown Source)
	at java.lang.reflect.Method.invoke(Unknown Source)
	at org.springframework.aop.support.AopUtils.invokeJoinpointUsingReflection(AopUtils.java:309)
	at org.springframework.aop.framework.JdkDynamicAopProxy.invoke(JdkDynamicAopProxy.java:196)
	at $Proxy22.getCommentCustomerById(Unknown Source)
	at com.pn.view.commentCustomer.controller.CommentCustomerController.retriveComment(CommentCustomerController.java:129)
	at sun.reflect.GeneratedMethodAccessor60.invoke(Unknown Source)
	at sun.reflect.DelegatingMethodAccessorImpl.invoke(Unknown Source)
	at java.lang.reflect.Method.invoke(Unknown Source)
	at org.springframework.web.bind.annotation.support.HandlerMethodInvoker.invokeHandlerMethod(HandlerMethodInvoker.java:176)
	at org.springframework.web.servlet.mvc.annotation.AnnotationMethodHandlerAdapter.invokeHandlerMethod(AnnotationMethodHandlerAdapter.java:426)
	at org.springframework.web.servlet.mvc.annotation.AnnotationMethodHandlerAdapter.handle(AnnotationMethodHandlerAdapter.java:414)
	at org.springframework.web.servlet.DispatcherServlet.doDispatch(DispatcherServlet.java:790)
	at org.springframework.web.servlet.DispatcherServlet.doService(DispatcherServlet.java:719)
	at org.springframework.web.servlet.FrameworkServlet.processRequest(FrameworkServlet.java:644)
	at org.springframework.web.servlet.FrameworkServlet.doGet(FrameworkServlet.java:549)
	at javax.servlet.http.HttpServlet.service(HttpServlet.java:621)
	at javax.servlet.http.HttpServlet.service(HttpServlet.java:722)
	at org.apache.catalina.core.ApplicationFilterChain.internalDoFilter(ApplicationFilterChain.java:304)
	at org.apache.catalina.core.ApplicationFilterChain.doFilter(ApplicationFilterChain.java:210)
	at org.springframework.web.filter.CharacterEncodingFilter.doFilterInternal(CharacterEncodingFilter.java:88)
	at org.springframework.web.filter.OncePerRequestFilter.doFilter(OncePerRequestFilter.java:76)
	at org.apache.catalina.core.ApplicationFilterChain.internalDoFilter(ApplicationFilterChain.java:243)
	at org.apache.catalina.core.ApplicationFilterChain.doFilter(ApplicationFilterChain.java:210)
	at org.apache.catalina.core.StandardWrapperValve.invoke(StandardWrapperValve.java:224)
	at org.apache.catalina.core.StandardContextValve.invoke(StandardContextValve.java:169)
	at org.apache.catalina.authenticator.AuthenticatorBase.invoke(AuthenticatorBase.java:472)
	at org.apache.catalina.core.StandardHostValve.invoke(StandardHostValve.java:168)
	at org.apache.catalina.valves.ErrorReportValve.invoke(ErrorReportValve.java:100)
	at org.apache.catalina.valves.AccessLogValve.invoke(AccessLogValve.java:929)
	at org.apache.catalina.core.StandardEngineValve.invoke(StandardEngineValve.java:118)
	at org.apache.catalina.connector.CoyoteAdapter.service(CoyoteAdapter.java:405)
	at org.apache.coyote.http11.AbstractHttp11Processor.process(AbstractHttp11Processor.java:964)
	at org.apache.coyote.AbstractProtocol$AbstractConnectionHandler.process(AbstractProtocol.java:515)
	at org.apache.tomcat.util.net.JIoEndpoint$SocketProcessor.run(JIoEndpoint.java:302)
	at java.util.concurrent.ThreadPoolExecutor$Worker.runTask(Unknown Source)
	at java.util.concurrent.ThreadPoolExecutor$Worker.run(Unknown Source)
	at java.lang.Thread.run(Unknown Source)
Caused by: com.microsoft.sqlserver.jdbc.SQLServerException: socket closed
	at com.microsoft.sqlserver.jdbc.SQLServerConnection.terminate(SQLServerConnection.java:1368)
	at com.microsoft.sqlserver.jdbc.SQLServerConnection.terminate(SQLServerConnection.java:1355)
	at com.microsoft.sqlserver.jdbc.TDSChannel.read(IOBuffer.java:1532)
	at com.microsoft.sqlserver.jdbc.TDSReader.readPacket(IOBuffer.java:3317)
	at com.microsoft.sqlserver.jdbc.TDSCommand.startResponse(IOBuffer.java:4437)
	at com.microsoft.sqlserver.jdbc.TDSCommand.startResponse(IOBuffer.java:4389)
	at com.microsoft.sqlserver.jdbc.SQLServerConnection$1ConnectionCommand.doExecute(SQLServerConnection.java:1457)
	at com.microsoft.sqlserver.jdbc.TDSCommand.execute(IOBuffer.java:4026)
	at com.microsoft.sqlserver.jdbc.SQLServerConnection.executeCommand(SQLServerConnection.java:1416)
	at com.microsoft.sqlserver.jdbc.SQLServerConnection.connectionCommand(SQLServerConnection.java:1462)
	at com.microsoft.sqlserver.jdbc.SQLServerConnection.setAutoCommit(SQLServerConnection.java:1610)
	at org.hibernate.transaction.JDBCTransaction.begin(JDBCTransaction.java:63)
	... 43 more
